{"/Users/detiwari/istanbul-code-coverage-example/spec/unit/AccountBasicInfo/AccountBasicInfoControllerSpec.js":{"path":"/Users/detiwari/istanbul-code-coverage-example/spec/unit/AccountBasicInfo/AccountBasicInfoControllerSpec.js","statementMap":{"0":{"start":{"line":1,"column":9},"end":{"line":1,"column":22}},"1":{"start":{"line":1,"column":32},"end":{"line":1,"column":45}},"2":{"start":{"line":2,"column":11},"end":{"line":2,"column":26}},"3":{"start":{"line":3,"column":0},"end":{"line":3,"column":70}},"4":{"start":{"line":10,"column":33},"end":{"line":10,"column":108}},"5":{"start":{"line":12,"column":0},"end":{"line":109,"column":3}},"6":{"start":{"line":14,"column":4},"end":{"line":21,"column":7}},"7":{"start":{"line":15,"column":8},"end":{"line":15,"column":92}},"8":{"start":{"line":16,"column":8},"end":{"line":16,"column":73}},"9":{"start":{"line":17,"column":8},"end":{"line":17,"column":216}},"10":{"start":{"line":18,"column":8},"end":{"line":18,"column":130}},"11":{"start":{"line":18,"column":85},"end":{"line":18,"column":97}},"12":{"start":{"line":18,"column":116},"end":{"line":18,"column":126}},"13":{"start":{"line":19,"column":8},"end":{"line":19,"column":134}},"14":{"start":{"line":19,"column":91},"end":{"line":19,"column":101}},"15":{"start":{"line":19,"column":120},"end":{"line":19,"column":130}},"16":{"start":{"line":20,"column":8},"end":{"line":20,"column":86}},"17":{"start":{"line":23,"column":4},"end":{"line":31,"column":7}},"18":{"start":{"line":24,"column":8},"end":{"line":26,"column":11}},"19":{"start":{"line":25,"column":3},"end":{"line":25,"column":63}},"20":{"start":{"line":27,"column":8},"end":{"line":30,"column":11}},"21":{"start":{"line":28,"column":12},"end":{"line":28,"column":66}},"22":{"start":{"line":29,"column":12},"end":{"line":29,"column":65}},"23":{"start":{"line":33,"column":4},"end":{"line":40,"column":7}},"24":{"start":{"line":34,"column":8},"end":{"line":36,"column":11}},"25":{"start":{"line":35,"column":12},"end":{"line":35,"column":81}},"26":{"start":{"line":37,"column":8},"end":{"line":39,"column":11}},"27":{"start":{"line":38,"column":11},"end":{"line":38,"column":61}},"28":{"start":{"line":42,"column":4},"end":{"line":49,"column":7}},"29":{"start":{"line":43,"column":8},"end":{"line":45,"column":11}},"30":{"start":{"line":44,"column":12},"end":{"line":44,"column":83}},"31":{"start":{"line":46,"column":8},"end":{"line":48,"column":11}},"32":{"start":{"line":47,"column":11},"end":{"line":47,"column":59}},"33":{"start":{"line":51,"column":4},"end":{"line":58,"column":7}},"34":{"start":{"line":52,"column":8},"end":{"line":54,"column":11}},"35":{"start":{"line":53,"column":12},"end":{"line":53,"column":78}},"36":{"start":{"line":55,"column":8},"end":{"line":57,"column":11}},"37":{"start":{"line":56,"column":11},"end":{"line":56,"column":54}},"38":{"start":{"line":60,"column":4},"end":{"line":68,"column":7}},"39":{"start":{"line":61,"column":8},"end":{"line":63,"column":11}},"40":{"start":{"line":62,"column":3},"end":{"line":62,"column":69}},"41":{"start":{"line":64,"column":8},"end":{"line":67,"column":11}},"42":{"start":{"line":65,"column":12},"end":{"line":65,"column":73}},"43":{"start":{"line":66,"column":12},"end":{"line":66,"column":72}},"44":{"start":{"line":70,"column":4},"end":{"line":77,"column":7}},"45":{"start":{"line":71,"column":8},"end":{"line":73,"column":11}},"46":{"start":{"line":72,"column":12},"end":{"line":72,"column":85}},"47":{"start":{"line":74,"column":8},"end":{"line":76,"column":11}},"48":{"start":{"line":75,"column":16},"end":{"line":75,"column":63}},"49":{"start":{"line":79,"column":4},"end":{"line":86,"column":7}},"50":{"start":{"line":80,"column":8},"end":{"line":82,"column":11}},"51":{"start":{"line":81,"column":12},"end":{"line":81,"column":86}},"52":{"start":{"line":83,"column":8},"end":{"line":85,"column":11}},"53":{"start":{"line":84,"column":16},"end":{"line":84,"column":63}},"54":{"start":{"line":88,"column":4},"end":{"line":95,"column":7}},"55":{"start":{"line":89,"column":8},"end":{"line":91,"column":11}},"56":{"start":{"line":90,"column":12},"end":{"line":90,"column":82}},"57":{"start":{"line":92,"column":8},"end":{"line":94,"column":11}},"58":{"start":{"line":93,"column":12},"end":{"line":93,"column":60}},"59":{"start":{"line":97,"column":4},"end":{"line":104,"column":7}},"60":{"start":{"line":98,"column":8},"end":{"line":100,"column":11}},"61":{"start":{"line":99,"column":12},"end":{"line":99,"column":80}},"62":{"start":{"line":101,"column":8},"end":{"line":103,"column":11}},"63":{"start":{"line":102,"column":12},"end":{"line":102,"column":60}},"64":{"start":{"line":106,"column":4},"end":{"line":108,"column":6}},"65":{"start":{"line":107,"column":8},"end":{"line":107,"column":52}},"66":{"start":{"line":107,"column":31},"end":{"line":107,"column":50}}},"fnMap":{"0":{"name":"(anonymous_0)","decl":{"start":{"line":12,"column":39},"end":{"line":12,"column":40}},"loc":{"start":{"line":12,"column":50},"end":{"line":109,"column":1}},"line":12},"1":{"name":"(anonymous_1)","decl":{"start":{"line":14,"column":15},"end":{"line":14,"column":16}},"loc":{"start":{"line":14,"column":26},"end":{"line":21,"column":5}},"line":14},"2":{"name":"(anonymous_2)","decl":{"start":{"line":18,"column":73},"end":{"line":18,"column":74}},"loc":{"start":{"line":18,"column":84},"end":{"line":18,"column":98}},"line":18},"3":{"name":"(anonymous_3)","decl":{"start":{"line":18,"column":105},"end":{"line":18,"column":106}},"loc":{"start":{"line":18,"column":115},"end":{"line":18,"column":127}},"line":18},"4":{"name":"(anonymous_4)","decl":{"start":{"line":19,"column":79},"end":{"line":19,"column":80}},"loc":{"start":{"line":19,"column":90},"end":{"line":19,"column":102}},"line":19},"5":{"name":"(anonymous_5)","decl":{"start":{"line":19,"column":109},"end":{"line":19,"column":110}},"loc":{"start":{"line":19,"column":119},"end":{"line":19,"column":131}},"line":19},"6":{"name":"(anonymous_6)","decl":{"start":{"line":23,"column":23},"end":{"line":23,"column":24}},"loc":{"start":{"line":23,"column":34},"end":{"line":31,"column":5}},"line":23},"7":{"name":"(anonymous_7)","decl":{"start":{"line":24,"column":19},"end":{"line":24,"column":20}},"loc":{"start":{"line":24,"column":30},"end":{"line":26,"column":9}},"line":24},"8":{"name":"(anonymous_8)","decl":{"start":{"line":27,"column":61},"end":{"line":27,"column":62}},"loc":{"start":{"line":27,"column":72},"end":{"line":30,"column":9}},"line":27},"9":{"name":"(anonymous_9)","decl":{"start":{"line":33,"column":32},"end":{"line":33,"column":33}},"loc":{"start":{"line":33,"column":43},"end":{"line":40,"column":5}},"line":33},"10":{"name":"(anonymous_10)","decl":{"start":{"line":34,"column":19},"end":{"line":34,"column":20}},"loc":{"start":{"line":34,"column":30},"end":{"line":36,"column":9}},"line":34},"11":{"name":"(anonymous_11)","decl":{"start":{"line":37,"column":58},"end":{"line":37,"column":59}},"loc":{"start":{"line":37,"column":69},"end":{"line":39,"column":9}},"line":37},"12":{"name":"(anonymous_12)","decl":{"start":{"line":42,"column":34},"end":{"line":42,"column":35}},"loc":{"start":{"line":42,"column":45},"end":{"line":49,"column":5}},"line":42},"13":{"name":"(anonymous_13)","decl":{"start":{"line":43,"column":19},"end":{"line":43,"column":20}},"loc":{"start":{"line":43,"column":30},"end":{"line":45,"column":9}},"line":43},"14":{"name":"(anonymous_14)","decl":{"start":{"line":46,"column":44},"end":{"line":46,"column":45}},"loc":{"start":{"line":46,"column":55},"end":{"line":48,"column":9}},"line":46},"15":{"name":"(anonymous_15)","decl":{"start":{"line":51,"column":29},"end":{"line":51,"column":30}},"loc":{"start":{"line":51,"column":40},"end":{"line":58,"column":5}},"line":51},"16":{"name":"(anonymous_16)","decl":{"start":{"line":52,"column":19},"end":{"line":52,"column":20}},"loc":{"start":{"line":52,"column":30},"end":{"line":54,"column":9}},"line":52},"17":{"name":"(anonymous_17)","decl":{"start":{"line":55,"column":44},"end":{"line":55,"column":45}},"loc":{"start":{"line":55,"column":55},"end":{"line":57,"column":9}},"line":55},"18":{"name":"(anonymous_18)","decl":{"start":{"line":60,"column":29},"end":{"line":60,"column":30}},"loc":{"start":{"line":60,"column":40},"end":{"line":68,"column":5}},"line":60},"19":{"name":"(anonymous_19)","decl":{"start":{"line":61,"column":19},"end":{"line":61,"column":20}},"loc":{"start":{"line":61,"column":30},"end":{"line":63,"column":9}},"line":61},"20":{"name":"(anonymous_20)","decl":{"start":{"line":64,"column":62},"end":{"line":64,"column":63}},"loc":{"start":{"line":64,"column":73},"end":{"line":67,"column":9}},"line":64},"21":{"name":"(anonymous_21)","decl":{"start":{"line":70,"column":36},"end":{"line":70,"column":37}},"loc":{"start":{"line":70,"column":47},"end":{"line":77,"column":5}},"line":70},"22":{"name":"(anonymous_22)","decl":{"start":{"line":71,"column":19},"end":{"line":71,"column":20}},"loc":{"start":{"line":71,"column":30},"end":{"line":73,"column":9}},"line":71},"23":{"name":"(anonymous_23)","decl":{"start":{"line":74,"column":76},"end":{"line":74,"column":77}},"loc":{"start":{"line":74,"column":87},"end":{"line":76,"column":9}},"line":74},"24":{"name":"(anonymous_24)","decl":{"start":{"line":79,"column":37},"end":{"line":79,"column":38}},"loc":{"start":{"line":79,"column":48},"end":{"line":86,"column":5}},"line":79},"25":{"name":"(anonymous_25)","decl":{"start":{"line":80,"column":19},"end":{"line":80,"column":20}},"loc":{"start":{"line":80,"column":30},"end":{"line":82,"column":9}},"line":80},"26":{"name":"(anonymous_26)","decl":{"start":{"line":83,"column":77},"end":{"line":83,"column":78}},"loc":{"start":{"line":83,"column":88},"end":{"line":85,"column":9}},"line":83},"27":{"name":"(anonymous_27)","decl":{"start":{"line":88,"column":33},"end":{"line":88,"column":34}},"loc":{"start":{"line":88,"column":44},"end":{"line":95,"column":5}},"line":88},"28":{"name":"(anonymous_28)","decl":{"start":{"line":89,"column":19},"end":{"line":89,"column":20}},"loc":{"start":{"line":89,"column":30},"end":{"line":91,"column":9}},"line":89},"29":{"name":"(anonymous_29)","decl":{"start":{"line":92,"column":61},"end":{"line":92,"column":62}},"loc":{"start":{"line":92,"column":72},"end":{"line":94,"column":9}},"line":92},"30":{"name":"(anonymous_30)","decl":{"start":{"line":97,"column":31},"end":{"line":97,"column":32}},"loc":{"start":{"line":97,"column":42},"end":{"line":104,"column":5}},"line":97},"31":{"name":"(anonymous_31)","decl":{"start":{"line":98,"column":19},"end":{"line":98,"column":20}},"loc":{"start":{"line":98,"column":30},"end":{"line":100,"column":9}},"line":98},"32":{"name":"(anonymous_32)","decl":{"start":{"line":101,"column":66},"end":{"line":101,"column":67}},"loc":{"start":{"line":101,"column":77},"end":{"line":103,"column":9}},"line":101},"33":{"name":"(anonymous_33)","decl":{"start":{"line":106,"column":14},"end":{"line":106,"column":15}},"loc":{"start":{"line":106,"column":20},"end":{"line":108,"column":5}},"line":106},"34":{"name":"(anonymous_34)","decl":{"start":{"line":107,"column":23},"end":{"line":107,"column":24}},"loc":{"start":{"line":107,"column":31},"end":{"line":107,"column":50}},"line":107}},"branchMap":{},"s":{"0":1,"1":1,"2":1,"3":1,"4":1,"5":1,"6":1,"7":9,"8":9,"9":9,"10":9,"11":3,"12":3,"13":9,"14":9,"15":1,"16":9,"17":1,"18":1,"19":1,"20":1,"21":1,"22":1,"23":1,"24":1,"25":1,"26":1,"27":1,"28":1,"29":1,"30":1,"31":1,"32":1,"33":1,"34":1,"35":1,"36":1,"37":1,"38":1,"39":1,"40":1,"41":1,"42":1,"43":1,"44":1,"45":1,"46":1,"47":1,"48":1,"49":1,"50":1,"51":1,"52":1,"53":1,"54":1,"55":1,"56":1,"57":1,"58":1,"59":1,"60":1,"61":1,"62":1,"63":1,"64":1,"65":1,"66":1},"f":{"0":1,"1":9,"2":3,"3":3,"4":9,"5":1,"6":1,"7":1,"8":1,"9":1,"10":1,"11":1,"12":1,"13":1,"14":1,"15":1,"16":1,"17":1,"18":1,"19":1,"20":1,"21":1,"22":1,"23":1,"24":1,"25":1,"26":1,"27":1,"28":1,"29":1,"30":1,"31":1,"32":1,"33":1,"34":1},"b":{},"_coverageSchema":"43e27e138ebf9cfc5966b082cf9a028302ed4184","hash":"2cd3697e7e30f413047ae93c8e201e6cb30404aa","contentHash":"7db4cadffd012c0be00db617b64948e05900237b16ba1c693eb818a4c9c8c6f9"},"/Users/detiwari/istanbul-code-coverage-example/aura/tsm/AccountBasicInfo/AccountBasicInfoController.js":{"path":"/Users/detiwari/istanbul-code-coverage-example/aura/tsm/AccountBasicInfo/AccountBasicInfoController.js","statementMap":{"0":{"start":{"line":1,"column":0},"end":{"line":296,"column":2}},"1":{"start":{"line":1,"column":75},"end":{"line":1,"column":128}},"2":{"start":{"line":2,"column":8},"end":{"line":2,"column":60}},"3":{"start":{"line":3,"column":8},"end":{"line":3,"column":53}},"4":{"start":{"line":4,"column":22},"end":{"line":4,"column":53}},"5":{"start":{"line":5,"column":8},"end":{"line":5,"column":54}},"6":{"start":{"line":6,"column":8},"end":{"line":6,"column":59}},"7":{"start":{"line":9,"column":6},"end":{"line":9,"column":49}},"8":{"start":{"line":12,"column":8},"end":{"line":12,"column":48}},"9":{"start":{"line":15,"column":30},"end":{"line":15,"column":78}},"10":{"start":{"line":16,"column":8},"end":{"line":21,"column":9}},"11":{"start":{"line":17,"column":34},"end":{"line":17,"column":91}},"12":{"start":{"line":18,"column":12},"end":{"line":18,"column":79}},"13":{"start":{"line":20,"column":12},"end":{"line":20,"column":84}},"14":{"start":{"line":22,"column":8},"end":{"line":22,"column":58}},"15":{"start":{"line":23,"column":8},"end":{"line":23,"column":58}},"16":{"start":{"line":26,"column":29},"end":{"line":26,"column":77}},"17":{"start":{"line":27,"column":8},"end":{"line":27,"column":74}},"18":{"start":{"line":28,"column":30},"end":{"line":28,"column":97}},"19":{"start":{"line":29,"column":8},"end":{"line":29,"column":58}},"20":{"start":{"line":30,"column":8},"end":{"line":30,"column":58}},"21":{"start":{"line":31,"column":8},"end":{"line":31,"column":112}},"22":{"start":{"line":32,"column":29},"end":{"line":32,"column":67}},"23":{"start":{"line":33,"column":26},"end":{"line":33,"column":52}},"24":{"start":{"line":34,"column":30},"end":{"line":34,"column":60}},"25":{"start":{"line":35,"column":29},"end":{"line":35,"column":31}},"26":{"start":{"line":36,"column":8},"end":{"line":50,"column":9}},"27":{"start":{"line":37,"column":12},"end":{"line":37,"column":53}},"28":{"start":{"line":38,"column":12},"end":{"line":42,"column":13}},"29":{"start":{"line":39,"column":16},"end":{"line":39,"column":37}},"30":{"start":{"line":40,"column":18},"end":{"line":42,"column":13}},"31":{"start":{"line":41,"column":16},"end":{"line":41,"column":40}},"32":{"start":{"line":43,"column":14},"end":{"line":50,"column":9}},"33":{"start":{"line":44,"column":12},"end":{"line":44,"column":54}},"34":{"start":{"line":45,"column":12},"end":{"line":49,"column":13}},"35":{"start":{"line":46,"column":16},"end":{"line":46,"column":38}},"36":{"start":{"line":47,"column":18},"end":{"line":49,"column":13}},"37":{"start":{"line":48,"column":16},"end":{"line":48,"column":41}},"38":{"start":{"line":51,"column":8},"end":{"line":51,"column":96}},"39":{"start":{"line":54,"column":16},"end":{"line":54,"column":58}},"40":{"start":{"line":55,"column":8},"end":{"line":55,"column":43}},"41":{"start":{"line":56,"column":20},"end":{"line":56,"column":64}},"42":{"start":{"line":57,"column":26},"end":{"line":57,"column":79}},"43":{"start":{"line":58,"column":8},"end":{"line":58,"column":41}},"44":{"start":{"line":59,"column":8},"end":{"line":59,"column":40}},"45":{"start":{"line":60,"column":2},"end":{"line":60,"column":50}},"46":{"start":{"line":61,"column":2},"end":{"line":61,"column":65}},"47":{"start":{"line":62,"column":8},"end":{"line":62,"column":52}},"48":{"start":{"line":63,"column":2},"end":{"line":63,"column":58}},"49":{"start":{"line":66,"column":29},"end":{"line":66,"column":79}},"50":{"start":{"line":67,"column":36},"end":{"line":67,"column":86}},"51":{"start":{"line":68,"column":38},"end":{"line":68,"column":88}},"52":{"start":{"line":69,"column":37},"end":{"line":69,"column":41}},"53":{"start":{"line":70,"column":28},"end":{"line":70,"column":78}},"54":{"start":{"line":71,"column":8},"end":{"line":73,"column":9}},"55":{"start":{"line":72,"column":41},"end":{"line":72,"column":98}},"56":{"start":{"line":74,"column":8},"end":{"line":109,"column":9}},"57":{"start":{"line":75,"column":12},"end":{"line":108,"column":13}},"58":{"start":{"line":76,"column":33},"end":{"line":76,"column":60}},"59":{"start":{"line":77,"column":25},"end":{"line":77,"column":123}},"60":{"start":{"line":78,"column":16},"end":{"line":81,"column":19}},"61":{"start":{"line":82,"column":16},"end":{"line":82,"column":34}},"62":{"start":{"line":84,"column":8},"end":{"line":108,"column":13}},"63":{"start":{"line":85,"column":16},"end":{"line":85,"column":59}},"64":{"start":{"line":86,"column":16},"end":{"line":86,"column":48}},"65":{"start":{"line":87,"column":16},"end":{"line":87,"column":49}},"66":{"start":{"line":88,"column":16},"end":{"line":88,"column":58}},"67":{"start":{"line":91,"column":16},"end":{"line":91,"column":48}},"68":{"start":{"line":92,"column":16},"end":{"line":92,"column":49}},"69":{"start":{"line":93,"column":17},"end":{"line":93,"column":61}},"70":{"start":{"line":94,"column":29},"end":{"line":94,"column":61}},"71":{"start":{"line":95,"column":23},"end":{"line":95,"column":76}},"72":{"start":{"line":96,"column":35},"end":{"line":96,"column":76}},"73":{"start":{"line":97,"column":4},"end":{"line":104,"column":66}},"74":{"start":{"line":98,"column":20},"end":{"line":98,"column":71}},"75":{"start":{"line":100,"column":21},"end":{"line":104,"column":66}},"76":{"start":{"line":101,"column":20},"end":{"line":101,"column":79}},"77":{"start":{"line":104,"column":20},"end":{"line":104,"column":66}},"78":{"start":{"line":105,"column":16},"end":{"line":107,"column":17}},"79":{"start":{"line":106,"column":20},"end":{"line":106,"column":69}},"80":{"start":{"line":110,"column":8},"end":{"line":116,"column":9}},"81":{"start":{"line":111,"column":12},"end":{"line":111,"column":44}},"82":{"start":{"line":112,"column":12},"end":{"line":112,"column":45}},"83":{"start":{"line":113,"column":25},"end":{"line":113,"column":52}},"84":{"start":{"line":114,"column":26},"end":{"line":114,"column":46}},"85":{"start":{"line":115,"column":12},"end":{"line":115,"column":62}},"86":{"start":{"line":119,"column":35},"end":{"line":119,"column":58}},"87":{"start":{"line":120,"column":27},"end":{"line":120,"column":65}},"88":{"start":{"line":121,"column":8},"end":{"line":121,"column":52}},"89":{"start":{"line":122,"column":8},"end":{"line":122,"column":51}},"90":{"start":{"line":125,"column":36},"end":{"line":125,"column":59}},"91":{"start":{"line":126,"column":31},"end":{"line":126,"column":61}},"92":{"start":{"line":127,"column":30},"end":{"line":127,"column":61}},"93":{"start":{"line":128,"column":8},"end":{"line":128,"column":52}},"94":{"start":{"line":129,"column":8},"end":{"line":129,"column":63}},"95":{"start":{"line":130,"column":8},"end":{"line":130,"column":51}},"96":{"start":{"line":133,"column":30},"end":{"line":133,"column":68}},"97":{"start":{"line":134,"column":8},"end":{"line":141,"column":9}},"98":{"start":{"line":135,"column":12},"end":{"line":135,"column":52}},"99":{"start":{"line":136,"column":40},"end":{"line":136,"column":72}},"100":{"start":{"line":137,"column":12},"end":{"line":137,"column":68}},"101":{"start":{"line":138,"column":12},"end":{"line":138,"column":68}},"102":{"start":{"line":140,"column":12},"end":{"line":140,"column":51}},"103":{"start":{"line":144,"column":30},"end":{"line":144,"column":68}},"104":{"start":{"line":145,"column":8},"end":{"line":149,"column":9}},"105":{"start":{"line":146,"column":12},"end":{"line":146,"column":52}},"106":{"start":{"line":148,"column":12},"end":{"line":148,"column":51}},"107":{"start":{"line":150,"column":36},"end":{"line":150,"column":68}},"108":{"start":{"line":151,"column":8},"end":{"line":151,"column":64}},"109":{"start":{"line":152,"column":8},"end":{"line":152,"column":64}},"110":{"start":{"line":155,"column":8},"end":{"line":155,"column":57}},"111":{"start":{"line":158,"column":8},"end":{"line":158,"column":65}},"112":{"start":{"line":159,"column":8},"end":{"line":159,"column":51}},"113":{"start":{"line":162,"column":8},"end":{"line":162,"column":82}},"114":{"start":{"line":165,"column":8},"end":{"line":165,"column":54}},"115":{"start":{"line":168,"column":8},"end":{"line":168,"column":53}},"116":{"start":{"line":171,"column":8},"end":{"line":171,"column":61}},"117":{"start":{"line":174,"column":8},"end":{"line":174,"column":60}},"118":{"start":{"line":177,"column":8},"end":{"line":177,"column":55}},"119":{"start":{"line":180,"column":27},"end":{"line":180,"column":74}},"120":{"start":{"line":181,"column":31},"end":{"line":181,"column":90}},"121":{"start":{"line":182,"column":8},"end":{"line":186,"column":9}},"122":{"start":{"line":183,"column":12},"end":{"line":183,"column":49}},"123":{"start":{"line":185,"column":12},"end":{"line":185,"column":50}},"124":{"start":{"line":189,"column":8},"end":{"line":189,"column":51}},"125":{"start":{"line":190,"column":8},"end":{"line":190,"column":52}},"126":{"start":{"line":193,"column":25},"end":{"line":193,"column":61}},"127":{"start":{"line":194,"column":29},"end":{"line":194,"column":56}},"128":{"start":{"line":195,"column":8},"end":{"line":211,"column":30}},"129":{"start":{"line":196,"column":12},"end":{"line":210,"column":34}},"130":{"start":{"line":214,"column":24},"end":{"line":214,"column":67}},"131":{"start":{"line":215,"column":31},"end":{"line":215,"column":66}},"132":{"start":{"line":216,"column":8},"end":{"line":227,"column":9}},"133":{"start":{"line":217,"column":12},"end":{"line":226,"column":58}},"134":{"start":{"line":218,"column":16},"end":{"line":223,"column":17}},"135":{"start":{"line":219,"column":20},"end":{"line":219,"column":57}},"136":{"start":{"line":221,"column":20},"end":{"line":221,"column":58}},"137":{"start":{"line":222,"column":20},"end":{"line":222,"column":63}},"138":{"start":{"line":226,"column":16},"end":{"line":226,"column":58}},"139":{"start":{"line":230,"column":8},"end":{"line":230,"column":58}},"140":{"start":{"line":231,"column":8},"end":{"line":231,"column":62}},"141":{"start":{"line":234,"column":25},"end":{"line":234,"column":52}},"142":{"start":{"line":235,"column":8},"end":{"line":235,"column":58}},"143":{"start":{"line":236,"column":8},"end":{"line":239,"column":11}},"144":{"start":{"line":240,"column":8},"end":{"line":240,"column":26}},"145":{"start":{"line":241,"column":8},"end":{"line":241,"column":54}},"146":{"start":{"line":244,"column":8},"end":{"line":244,"column":48}},"147":{"start":{"line":245,"column":17},"end":{"line":245,"column":63}},"148":{"start":{"line":246,"column":24},"end":{"line":246,"column":70}},"149":{"start":{"line":247,"column":8},"end":{"line":251,"column":9}},"150":{"start":{"line":248,"column":12},"end":{"line":248,"column":55}},"151":{"start":{"line":249,"column":14},"end":{"line":251,"column":9}},"152":{"start":{"line":250,"column":12},"end":{"line":250,"column":54}},"153":{"start":{"line":254,"column":8},"end":{"line":254,"column":49}},"154":{"start":{"line":255,"column":8},"end":{"line":255,"column":42}},"155":{"start":{"line":256,"column":8},"end":{"line":256,"column":58}},"156":{"start":{"line":259,"column":8},"end":{"line":259,"column":49}},"157":{"start":{"line":260,"column":8},"end":{"line":260,"column":44}},"158":{"start":{"line":261,"column":8},"end":{"line":261,"column":50}},"159":{"start":{"line":264,"column":22},"end":{"line":264,"column":45}},"160":{"start":{"line":265,"column":8},"end":{"line":265,"column":47}},"161":{"start":{"line":266,"column":17},"end":{"line":266,"column":63}},"162":{"start":{"line":267,"column":24},"end":{"line":267,"column":70}},"163":{"start":{"line":268,"column":8},"end":{"line":272,"column":9}},"164":{"start":{"line":269,"column":12},"end":{"line":269,"column":55}},"165":{"start":{"line":270,"column":14},"end":{"line":272,"column":9}},"166":{"start":{"line":271,"column":12},"end":{"line":271,"column":54}},"167":{"start":{"line":275,"column":5},"end":{"line":275,"column":55}},"168":{"start":{"line":278,"column":2},"end":{"line":278,"column":35}},"169":{"start":{"line":279,"column":8},"end":{"line":279,"column":40}},"170":{"start":{"line":280,"column":8},"end":{"line":280,"column":51}},"171":{"start":{"line":283,"column":8},"end":{"line":283,"column":44}},"172":{"start":{"line":284,"column":8},"end":{"line":284,"column":48}},"173":{"start":{"line":285,"column":8},"end":{"line":285,"column":54}},"174":{"start":{"line":288,"column":17},"end":{"line":288,"column":63}},"175":{"start":{"line":289,"column":24},"end":{"line":289,"column":70}},"176":{"start":{"line":290,"column":8},"end":{"line":294,"column":9}},"177":{"start":{"line":291,"column":12},"end":{"line":291,"column":55}},"178":{"start":{"line":292,"column":14},"end":{"line":294,"column":9}},"179":{"start":{"line":293,"column":12},"end":{"line":293,"column":54}}},"fnMap":{"0":{"name":"(anonymous_0)","decl":{"start":{"line":1,"column":31},"end":{"line":1,"column":32}},"loc":{"start":{"line":1,"column":66},"end":{"line":7,"column":5}},"line":1},"1":{"name":"(anonymous_1)","decl":{"start":{"line":8,"column":29},"end":{"line":8,"column":30}},"loc":{"start":{"line":8,"column":61},"end":{"line":10,"column":5}},"line":8},"2":{"name":"(anonymous_2)","decl":{"start":{"line":11,"column":22},"end":{"line":11,"column":23}},"loc":{"start":{"line":11,"column":57},"end":{"line":13,"column":5}},"line":11},"3":{"name":"(anonymous_3)","decl":{"start":{"line":14,"column":24},"end":{"line":14,"column":25}},"loc":{"start":{"line":14,"column":59},"end":{"line":24,"column":5}},"line":14},"4":{"name":"(anonymous_4)","decl":{"start":{"line":25,"column":18},"end":{"line":25,"column":19}},"loc":{"start":{"line":25,"column":53},"end":{"line":52,"column":5}},"line":25},"5":{"name":"(anonymous_5)","decl":{"start":{"line":53,"column":19},"end":{"line":53,"column":20}},"loc":{"start":{"line":53,"column":54},"end":{"line":64,"column":5}},"line":53},"6":{"name":"(anonymous_6)","decl":{"start":{"line":65,"column":25},"end":{"line":65,"column":26}},"loc":{"start":{"line":65,"column":60},"end":{"line":117,"column":5}},"line":65},"7":{"name":"(anonymous_7)","decl":{"start":{"line":118,"column":26},"end":{"line":118,"column":27}},"loc":{"start":{"line":118,"column":61},"end":{"line":123,"column":5}},"line":118},"8":{"name":"(anonymous_8)","decl":{"start":{"line":124,"column":27},"end":{"line":124,"column":28}},"loc":{"start":{"line":124,"column":62},"end":{"line":131,"column":5}},"line":124},"9":{"name":"(anonymous_9)","decl":{"start":{"line":132,"column":23},"end":{"line":132,"column":24}},"loc":{"start":{"line":132,"column":58},"end":{"line":142,"column":5}},"line":132},"10":{"name":"(anonymous_10)","decl":{"start":{"line":143,"column":21},"end":{"line":143,"column":22}},"loc":{"start":{"line":143,"column":56},"end":{"line":153,"column":5}},"line":143},"11":{"name":"(anonymous_11)","decl":{"start":{"line":154,"column":23},"end":{"line":154,"column":24}},"loc":{"start":{"line":154,"column":57},"end":{"line":156,"column":5}},"line":154},"12":{"name":"(anonymous_12)","decl":{"start":{"line":157,"column":21},"end":{"line":157,"column":22}},"loc":{"start":{"line":157,"column":55},"end":{"line":160,"column":5}},"line":157},"13":{"name":"(anonymous_13)","decl":{"start":{"line":161,"column":31},"end":{"line":161,"column":32}},"loc":{"start":{"line":161,"column":65},"end":{"line":163,"column":5}},"line":161},"14":{"name":"(anonymous_14)","decl":{"start":{"line":164,"column":24},"end":{"line":164,"column":25}},"loc":{"start":{"line":164,"column":58},"end":{"line":166,"column":5}},"line":164},"15":{"name":"(anonymous_15)","decl":{"start":{"line":167,"column":23},"end":{"line":167,"column":24}},"loc":{"start":{"line":167,"column":57},"end":{"line":169,"column":5}},"line":167},"16":{"name":"(anonymous_16)","decl":{"start":{"line":170,"column":28},"end":{"line":170,"column":29}},"loc":{"start":{"line":170,"column":62},"end":{"line":172,"column":5}},"line":170},"17":{"name":"(anonymous_17)","decl":{"start":{"line":173,"column":27},"end":{"line":173,"column":28}},"loc":{"start":{"line":173,"column":61},"end":{"line":175,"column":5}},"line":173},"18":{"name":"(anonymous_18)","decl":{"start":{"line":176,"column":33},"end":{"line":176,"column":34}},"loc":{"start":{"line":176,"column":67},"end":{"line":178,"column":5}},"line":176},"19":{"name":"(anonymous_19)","decl":{"start":{"line":179,"column":30},"end":{"line":179,"column":31}},"loc":{"start":{"line":179,"column":64},"end":{"line":187,"column":5}},"line":179},"20":{"name":"(anonymous_20)","decl":{"start":{"line":188,"column":25},"end":{"line":188,"column":26}},"loc":{"start":{"line":188,"column":59},"end":{"line":191,"column":5}},"line":188},"21":{"name":"(anonymous_21)","decl":{"start":{"line":192,"column":15},"end":{"line":192,"column":16}},"loc":{"start":{"line":192,"column":49},"end":{"line":212,"column":5}},"line":192},"22":{"name":"(anonymous_22)","decl":{"start":{"line":195,"column":46},"end":{"line":195,"column":47}},"loc":{"start":{"line":195,"column":65},"end":{"line":211,"column":9}},"line":195},"23":{"name":"(anonymous_23)","decl":{"start":{"line":213,"column":12},"end":{"line":213,"column":13}},"loc":{"start":{"line":213,"column":46},"end":{"line":228,"column":5}},"line":213},"24":{"name":"(anonymous_24)","decl":{"start":{"line":229,"column":31},"end":{"line":229,"column":32}},"loc":{"start":{"line":229,"column":65},"end":{"line":232,"column":5}},"line":229},"25":{"name":"(anonymous_25)","decl":{"start":{"line":233,"column":29},"end":{"line":233,"column":30}},"loc":{"start":{"line":233,"column":63},"end":{"line":242,"column":5}},"line":233},"26":{"name":"(anonymous_26)","decl":{"start":{"line":243,"column":22},"end":{"line":243,"column":23}},"loc":{"start":{"line":243,"column":56},"end":{"line":252,"column":5}},"line":243},"27":{"name":"(anonymous_27)","decl":{"start":{"line":253,"column":26},"end":{"line":253,"column":27}},"loc":{"start":{"line":253,"column":58},"end":{"line":257,"column":5}},"line":253},"28":{"name":"(anonymous_28)","decl":{"start":{"line":258,"column":20},"end":{"line":258,"column":21}},"loc":{"start":{"line":258,"column":52},"end":{"line":262,"column":5}},"line":258},"29":{"name":"(anonymous_29)","decl":{"start":{"line":263,"column":18},"end":{"line":263,"column":19}},"loc":{"start":{"line":263,"column":50},"end":{"line":273,"column":5}},"line":263},"30":{"name":"(anonymous_30)","decl":{"start":{"line":274,"column":24},"end":{"line":274,"column":25}},"loc":{"start":{"line":274,"column":56},"end":{"line":276,"column":2}},"line":274},"31":{"name":"(anonymous_31)","decl":{"start":{"line":277,"column":22},"end":{"line":277,"column":23}},"loc":{"start":{"line":277,"column":54},"end":{"line":281,"column":5}},"line":277},"32":{"name":"(anonymous_32)","decl":{"start":{"line":282,"column":21},"end":{"line":282,"column":22}},"loc":{"start":{"line":282,"column":53},"end":{"line":286,"column":5}},"line":282},"33":{"name":"(anonymous_33)","decl":{"start":{"line":287,"column":26},"end":{"line":287,"column":27}},"loc":{"start":{"line":287,"column":58},"end":{"line":295,"column":5}},"line":287}},"branchMap":{"0":{"loc":{"start":{"line":16,"column":8},"end":{"line":21,"column":9}},"type":"if","locations":[{"start":{"line":16,"column":8},"end":{"line":21,"column":9}},{"start":{"line":16,"column":8},"end":{"line":21,"column":9}}],"line":16},"1":{"loc":{"start":{"line":36,"column":8},"end":{"line":50,"column":9}},"type":"if","locations":[{"start":{"line":36,"column":8},"end":{"line":50,"column":9}},{"start":{"line":36,"column":8},"end":{"line":50,"column":9}}],"line":36},"2":{"loc":{"start":{"line":38,"column":12},"end":{"line":42,"column":13}},"type":"if","locations":[{"start":{"line":38,"column":12},"end":{"line":42,"column":13}},{"start":{"line":38,"column":12},"end":{"line":42,"column":13}}],"line":38},"3":{"loc":{"start":{"line":40,"column":18},"end":{"line":42,"column":13}},"type":"if","locations":[{"start":{"line":40,"column":18},"end":{"line":42,"column":13}},{"start":{"line":40,"column":18},"end":{"line":42,"column":13}}],"line":40},"4":{"loc":{"start":{"line":43,"column":14},"end":{"line":50,"column":9}},"type":"if","locations":[{"start":{"line":43,"column":14},"end":{"line":50,"column":9}},{"start":{"line":43,"column":14},"end":{"line":50,"column":9}}],"line":43},"5":{"loc":{"start":{"line":45,"column":12},"end":{"line":49,"column":13}},"type":"if","locations":[{"start":{"line":45,"column":12},"end":{"line":49,"column":13}},{"start":{"line":45,"column":12},"end":{"line":49,"column":13}}],"line":45},"6":{"loc":{"start":{"line":47,"column":18},"end":{"line":49,"column":13}},"type":"if","locations":[{"start":{"line":47,"column":18},"end":{"line":49,"column":13}},{"start":{"line":47,"column":18},"end":{"line":49,"column":13}}],"line":47},"7":{"loc":{"start":{"line":71,"column":8},"end":{"line":73,"column":9}},"type":"if","locations":[{"start":{"line":71,"column":8},"end":{"line":73,"column":9}},{"start":{"line":71,"column":8},"end":{"line":73,"column":9}}],"line":71},"8":{"loc":{"start":{"line":74,"column":8},"end":{"line":109,"column":9}},"type":"if","locations":[{"start":{"line":74,"column":8},"end":{"line":109,"column":9}},{"start":{"line":74,"column":8},"end":{"line":109,"column":9}}],"line":74},"9":{"loc":{"start":{"line":74,"column":11},"end":{"line":74,"column":191}},"type":"binary-expr","locations":[{"start":{"line":74,"column":11},"end":{"line":74,"column":54}},{"start":{"line":74,"column":58},"end":{"line":74,"column":78}},{"start":{"line":74,"column":82},"end":{"line":74,"column":109}},{"start":{"line":74,"column":113},"end":{"line":74,"column":142}},{"start":{"line":74,"column":146},"end":{"line":74,"column":168}},{"start":{"line":74,"column":172},"end":{"line":74,"column":191}}],"line":74},"10":{"loc":{"start":{"line":75,"column":12},"end":{"line":108,"column":13}},"type":"if","locations":[{"start":{"line":75,"column":12},"end":{"line":108,"column":13}},{"start":{"line":75,"column":12},"end":{"line":108,"column":13}}],"line":75},"11":{"loc":{"start":{"line":75,"column":15},"end":{"line":75,"column":169}},"type":"binary-expr","locations":[{"start":{"line":75,"column":15},"end":{"line":75,"column":49}},{"start":{"line":75,"column":54},"end":{"line":75,"column":110}},{"start":{"line":75,"column":114},"end":{"line":75,"column":168}}],"line":75},"12":{"loc":{"start":{"line":84,"column":8},"end":{"line":108,"column":13}},"type":"if","locations":[{"start":{"line":84,"column":8},"end":{"line":108,"column":13}},{"start":{"line":84,"column":8},"end":{"line":108,"column":13}}],"line":84},"13":{"loc":{"start":{"line":84,"column":11},"end":{"line":84,"column":230}},"type":"binary-expr","locations":[{"start":{"line":84,"column":11},"end":{"line":84,"column":51}},{"start":{"line":84,"column":53},"end":{"line":84,"column":107}},{"start":{"line":84,"column":109},"end":{"line":84,"column":179}},{"start":{"line":84,"column":181},"end":{"line":84,"column":230}}],"line":84},"14":{"loc":{"start":{"line":97,"column":4},"end":{"line":104,"column":66}},"type":"if","locations":[{"start":{"line":97,"column":4},"end":{"line":104,"column":66}},{"start":{"line":97,"column":4},"end":{"line":104,"column":66}}],"line":97},"15":{"loc":{"start":{"line":97,"column":7},"end":{"line":97,"column":53}},"type":"binary-expr","locations":[{"start":{"line":97,"column":7},"end":{"line":97,"column":29}},{"start":{"line":97,"column":33},"end":{"line":97,"column":53}}],"line":97},"16":{"loc":{"start":{"line":100,"column":21},"end":{"line":104,"column":66}},"type":"if","locations":[{"start":{"line":100,"column":21},"end":{"line":104,"column":66}},{"start":{"line":100,"column":21},"end":{"line":104,"column":66}}],"line":100},"17":{"loc":{"start":{"line":105,"column":16},"end":{"line":107,"column":17}},"type":"if","locations":[{"start":{"line":105,"column":16},"end":{"line":107,"column":17}},{"start":{"line":105,"column":16},"end":{"line":107,"column":17}}],"line":105},"18":{"loc":{"start":{"line":110,"column":8},"end":{"line":116,"column":9}},"type":"if","locations":[{"start":{"line":110,"column":8},"end":{"line":116,"column":9}},{"start":{"line":110,"column":8},"end":{"line":116,"column":9}}],"line":110},"19":{"loc":{"start":{"line":134,"column":8},"end":{"line":141,"column":9}},"type":"if","locations":[{"start":{"line":134,"column":8},"end":{"line":141,"column":9}},{"start":{"line":134,"column":8},"end":{"line":141,"column":9}}],"line":134},"20":{"loc":{"start":{"line":145,"column":8},"end":{"line":149,"column":9}},"type":"if","locations":[{"start":{"line":145,"column":8},"end":{"line":149,"column":9}},{"start":{"line":145,"column":8},"end":{"line":149,"column":9}}],"line":145},"21":{"loc":{"start":{"line":182,"column":8},"end":{"line":186,"column":9}},"type":"if","locations":[{"start":{"line":182,"column":8},"end":{"line":186,"column":9}},{"start":{"line":182,"column":8},"end":{"line":186,"column":9}}],"line":182},"22":{"loc":{"start":{"line":216,"column":8},"end":{"line":227,"column":9}},"type":"if","locations":[{"start":{"line":216,"column":8},"end":{"line":227,"column":9}},{"start":{"line":216,"column":8},"end":{"line":227,"column":9}}],"line":216},"23":{"loc":{"start":{"line":217,"column":12},"end":{"line":226,"column":58}},"type":"if","locations":[{"start":{"line":217,"column":12},"end":{"line":226,"column":58}},{"start":{"line":217,"column":12},"end":{"line":226,"column":58}}],"line":217},"24":{"loc":{"start":{"line":218,"column":16},"end":{"line":223,"column":17}},"type":"if","locations":[{"start":{"line":218,"column":16},"end":{"line":223,"column":17}},{"start":{"line":218,"column":16},"end":{"line":223,"column":17}}],"line":218},"25":{"loc":{"start":{"line":247,"column":8},"end":{"line":251,"column":9}},"type":"if","locations":[{"start":{"line":247,"column":8},"end":{"line":251,"column":9}},{"start":{"line":247,"column":8},"end":{"line":251,"column":9}}],"line":247},"26":{"loc":{"start":{"line":247,"column":11},"end":{"line":247,"column":34}},"type":"binary-expr","locations":[{"start":{"line":247,"column":11},"end":{"line":247,"column":19}},{"start":{"line":247,"column":21},"end":{"line":247,"column":34}}],"line":247},"27":{"loc":{"start":{"line":249,"column":14},"end":{"line":251,"column":9}},"type":"if","locations":[{"start":{"line":249,"column":14},"end":{"line":251,"column":9}},{"start":{"line":249,"column":14},"end":{"line":251,"column":9}}],"line":249},"28":{"loc":{"start":{"line":249,"column":17},"end":{"line":249,"column":42}},"type":"binary-expr","locations":[{"start":{"line":249,"column":17},"end":{"line":249,"column":25}},{"start":{"line":249,"column":27},"end":{"line":249,"column":42}}],"line":249},"29":{"loc":{"start":{"line":268,"column":8},"end":{"line":272,"column":9}},"type":"if","locations":[{"start":{"line":268,"column":8},"end":{"line":272,"column":9}},{"start":{"line":268,"column":8},"end":{"line":272,"column":9}}],"line":268},"30":{"loc":{"start":{"line":268,"column":11},"end":{"line":268,"column":34}},"type":"binary-expr","locations":[{"start":{"line":268,"column":11},"end":{"line":268,"column":19}},{"start":{"line":268,"column":21},"end":{"line":268,"column":34}}],"line":268},"31":{"loc":{"start":{"line":270,"column":14},"end":{"line":272,"column":9}},"type":"if","locations":[{"start":{"line":270,"column":14},"end":{"line":272,"column":9}},{"start":{"line":270,"column":14},"end":{"line":272,"column":9}}],"line":270},"32":{"loc":{"start":{"line":270,"column":17},"end":{"line":270,"column":42}},"type":"binary-expr","locations":[{"start":{"line":270,"column":17},"end":{"line":270,"column":25}},{"start":{"line":270,"column":27},"end":{"line":270,"column":42}}],"line":270},"33":{"loc":{"start":{"line":290,"column":8},"end":{"line":294,"column":9}},"type":"if","locations":[{"start":{"line":290,"column":8},"end":{"line":294,"column":9}},{"start":{"line":290,"column":8},"end":{"line":294,"column":9}}],"line":290},"34":{"loc":{"start":{"line":290,"column":11},"end":{"line":290,"column":34}},"type":"binary-expr","locations":[{"start":{"line":290,"column":11},"end":{"line":290,"column":19}},{"start":{"line":290,"column":21},"end":{"line":290,"column":34}}],"line":290},"35":{"loc":{"start":{"line":292,"column":14},"end":{"line":294,"column":9}},"type":"if","locations":[{"start":{"line":292,"column":14},"end":{"line":294,"column":9}},{"start":{"line":292,"column":14},"end":{"line":294,"column":9}}],"line":292},"36":{"loc":{"start":{"line":292,"column":17},"end":{"line":292,"column":42}},"type":"binary-expr","locations":[{"start":{"line":292,"column":17},"end":{"line":292,"column":25}},{"start":{"line":292,"column":27},"end":{"line":292,"column":42}}],"line":292}},"s":{"0":1,"1":1,"2":1,"3":1,"4":1,"5":1,"6":1,"7":0,"8":1,"9":1,"10":1,"11":0,"12":0,"13":1,"14":1,"15":1,"16":1,"17":1,"18":1,"19":1,"20":1,"21":1,"22":1,"23":1,"24":1,"25":1,"26":1,"27":0,"28":0,"29":0,"30":0,"31":0,"32":1,"33":0,"34":0,"35":0,"36":0,"37":0,"38":1,"39":1,"40":1,"41":1,"42":1,"43":1,"44":1,"45":1,"46":1,"47":1,"48":1,"49":0,"50":0,"51":0,"52":0,"53":0,"54":0,"55":0,"56":0,"57":0,"58":0,"59":0,"60":0,"61":0,"62":0,"63":0,"64":0,"65":0,"66":0,"67":0,"68":0,"69":0,"70":0,"71":0,"72":0,"73":0,"74":0,"75":0,"76":0,"77":0,"78":0,"79":0,"80":0,"81":0,"82":0,"83":0,"84":0,"85":0,"86":1,"87":1,"88":1,"89":1,"90":1,"91":1,"92":1,"93":1,"94":1,"95":1,"96":1,"97":1,"98":1,"99":1,"100":1,"101":1,"102":0,"103":1,"104":1,"105":0,"106":1,"107":1,"108":1,"109":1,"110":0,"111":0,"112":0,"113":0,"114":0,"115":0,"116":0,"117":0,"118":0,"119":0,"120":0,"121":0,"122":0,"123":0,"124":0,"125":0,"126":0,"127":0,"128":0,"129":0,"130":0,"131":0,"132":0,"133":0,"134":0,"135":0,"136":0,"137":0,"138":0,"139":0,"140":0,"141":0,"142":0,"143":0,"144":0,"145":0,"146":0,"147":0,"148":0,"149":0,"150":0,"151":0,"152":0,"153":0,"154":0,"155":0,"156":0,"157":0,"158":0,"159":0,"160":0,"161":0,"162":0,"163":0,"164":0,"165":0,"166":0,"167":0,"168":0,"169":0,"170":0,"171":0,"172":0,"173":0,"174":0,"175":0,"176":0,"177":0,"178":0,"179":0},"f":{"0":1,"1":0,"2":1,"3":1,"4":1,"5":1,"6":0,"7":1,"8":1,"9":1,"10":1,"11":0,"12":0,"13":0,"14":0,"15":0,"16":0,"17":0,"18":0,"19":0,"20":0,"21":0,"22":0,"23":0,"24":0,"25":0,"26":0,"27":0,"28":0,"29":0,"30":0,"31":0,"32":0,"33":0},"b":{"0":[0,1],"1":[0,1],"2":[0,0],"3":[0,0],"4":[0,1],"5":[0,0],"6":[0,0],"7":[0,0],"8":[0,0],"9":[0,0,0,0,0,0],"10":[0,0],"11":[0,0,0],"12":[0,0],"13":[0,0,0,0],"14":[0,0],"15":[0,0],"16":[0,0],"17":[0,0],"18":[0,0],"19":[1,0],"20":[0,1],"21":[0,0],"22":[0,0],"23":[0,0],"24":[0,0],"25":[0,0],"26":[0,0],"27":[0,0],"28":[0,0],"29":[0,0],"30":[0,0],"31":[0,0],"32":[0,0],"33":[0,0],"34":[0,0],"35":[0,0],"36":[0,0]},"_coverageSchema":"43e27e138ebf9cfc5966b082cf9a028302ed4184","hash":"599f6e53dc3a5eca740f93a11b335ba585b15b40","contentHash":"9860c6e4601bc923cda9019ec877e891f557394c00d2d06fc73ea7f87a7b4664"},"/Users/detiwari/istanbul-code-coverage-example/spec/unit/AccountBasicInfo/AccountBasicInfoHelperSpec.js":{"path":"/Users/detiwari/istanbul-code-coverage-example/spec/unit/AccountBasicInfo/AccountBasicInfoHelperSpec.js","statementMap":{"0":{"start":{"line":1,"column":9},"end":{"line":1,"column":22}},"1":{"start":{"line":1,"column":32},"end":{"line":1,"column":45}},"2":{"start":{"line":2,"column":11},"end":{"line":2,"column":26}},"3":{"start":{"line":6,"column":29},"end":{"line":6,"column":100}},"4":{"start":{"line":8,"column":0},"end":{"line":153,"column":3}},"5":{"start":{"line":10,"column":4},"end":{"line":37,"column":7}},"6":{"start":{"line":11,"column":8},"end":{"line":11,"column":108}},"7":{"start":{"line":12,"column":8},"end":{"line":12,"column":103}},"8":{"start":{"line":13,"column":8},"end":{"line":13,"column":73}},"9":{"start":{"line":14,"column":8},"end":{"line":14,"column":160}},"10":{"start":{"line":15,"column":8},"end":{"line":15,"column":87}},"11":{"start":{"line":16,"column":8},"end":{"line":16,"column":97}},"12":{"start":{"line":17,"column":8},"end":{"line":32,"column":11}},"13":{"start":{"line":20,"column":29},"end":{"line":20,"column":182}},"14":{"start":{"line":20,"column":50},"end":{"line":20,"column":66}},"15":{"start":{"line":20,"column":94},"end":{"line":20,"column":180}},"16":{"start":{"line":21,"column":16},"end":{"line":21,"column":28}},"17":{"start":{"line":33,"column":8},"end":{"line":36,"column":11}},"18":{"start":{"line":39,"column":4},"end":{"line":47,"column":7}},"19":{"start":{"line":40,"column":8},"end":{"line":42,"column":11}},"20":{"start":{"line":41,"column":3},"end":{"line":41,"column":60}},"21":{"start":{"line":43,"column":8},"end":{"line":46,"column":11}},"22":{"start":{"line":44,"column":12},"end":{"line":44,"column":78}},"23":{"start":{"line":45,"column":12},"end":{"line":45,"column":78}},"24":{"start":{"line":49,"column":4},"end":{"line":58,"column":7}},"25":{"start":{"line":50,"column":8},"end":{"line":53,"column":11}},"26":{"start":{"line":52,"column":12},"end":{"line":52,"column":80}},"27":{"start":{"line":54,"column":8},"end":{"line":57,"column":11}},"28":{"start":{"line":55,"column":12},"end":{"line":55,"column":59}},"29":{"start":{"line":56,"column":12},"end":{"line":56,"column":60}},"30":{"start":{"line":71,"column":4},"end":{"line":82,"column":7}},"31":{"start":{"line":72,"column":8},"end":{"line":75,"column":11}},"32":{"start":{"line":73,"column":12},"end":{"line":73,"column":86}},"33":{"start":{"line":76,"column":8},"end":{"line":81,"column":11}},"34":{"start":{"line":77,"column":12},"end":{"line":77,"column":58}},"35":{"start":{"line":78,"column":12},"end":{"line":78,"column":58}},"36":{"start":{"line":79,"column":12},"end":{"line":79,"column":60}},"37":{"start":{"line":80,"column":12},"end":{"line":80,"column":59}},"38":{"start":{"line":84,"column":4},"end":{"line":92,"column":7}},"39":{"start":{"line":85,"column":8},"end":{"line":87,"column":11}},"40":{"start":{"line":86,"column":12},"end":{"line":86,"column":89}},"41":{"start":{"line":88,"column":8},"end":{"line":91,"column":11}},"42":{"start":{"line":89,"column":12},"end":{"line":89,"column":58}},"43":{"start":{"line":90,"column":12},"end":{"line":90,"column":59}},"44":{"start":{"line":94,"column":4},"end":{"line":101,"column":7}},"45":{"start":{"line":95,"column":8},"end":{"line":97,"column":11}},"46":{"start":{"line":96,"column":12},"end":{"line":96,"column":65}},"47":{"start":{"line":98,"column":8},"end":{"line":100,"column":11}},"48":{"start":{"line":99,"column":12},"end":{"line":99,"column":59}},"49":{"start":{"line":103,"column":4},"end":{"line":110,"column":7}},"50":{"start":{"line":104,"column":8},"end":{"line":106,"column":11}},"51":{"start":{"line":105,"column":12},"end":{"line":105,"column":65}},"52":{"start":{"line":107,"column":8},"end":{"line":109,"column":11}},"53":{"start":{"line":108,"column":12},"end":{"line":108,"column":59}},"54":{"start":{"line":112,"column":4},"end":{"line":119,"column":7}},"55":{"start":{"line":113,"column":8},"end":{"line":115,"column":11}},"56":{"start":{"line":114,"column":12},"end":{"line":114,"column":71}},"57":{"start":{"line":116,"column":8},"end":{"line":118,"column":11}},"58":{"start":{"line":117,"column":12},"end":{"line":117,"column":59}},"59":{"start":{"line":121,"column":4},"end":{"line":128,"column":7}},"60":{"start":{"line":122,"column":8},"end":{"line":124,"column":11}},"61":{"start":{"line":123,"column":12},"end":{"line":123,"column":71}},"62":{"start":{"line":125,"column":8},"end":{"line":127,"column":11}},"63":{"start":{"line":126,"column":12},"end":{"line":126,"column":59}},"64":{"start":{"line":130,"column":4},"end":{"line":137,"column":7}},"65":{"start":{"line":131,"column":8},"end":{"line":133,"column":11}},"66":{"start":{"line":132,"column":12},"end":{"line":132,"column":81}},"67":{"start":{"line":134,"column":8},"end":{"line":136,"column":11}},"68":{"start":{"line":135,"column":12},"end":{"line":135,"column":59}},"69":{"start":{"line":139,"column":4},"end":{"line":147,"column":7}},"70":{"start":{"line":140,"column":8},"end":{"line":142,"column":11}},"71":{"start":{"line":141,"column":12},"end":{"line":141,"column":101}},"72":{"start":{"line":143,"column":8},"end":{"line":146,"column":11}},"73":{"start":{"line":144,"column":12},"end":{"line":144,"column":59}},"74":{"start":{"line":145,"column":12},"end":{"line":145,"column":64}},"75":{"start":{"line":149,"column":4},"end":{"line":151,"column":6}},"76":{"start":{"line":150,"column":8},"end":{"line":150,"column":52}},"77":{"start":{"line":150,"column":31},"end":{"line":150,"column":50}}},"fnMap":{"0":{"name":"(anonymous_0)","decl":{"start":{"line":8,"column":35},"end":{"line":8,"column":36}},"loc":{"start":{"line":8,"column":46},"end":{"line":153,"column":1}},"line":8},"1":{"name":"(anonymous_1)","decl":{"start":{"line":10,"column":15},"end":{"line":10,"column":16}},"loc":{"start":{"line":10,"column":26},"end":{"line":37,"column":5}},"line":10},"2":{"name":"(anonymous_2)","decl":{"start":{"line":11,"column":93},"end":{"line":11,"column":94}},"loc":{"start":{"line":11,"column":104},"end":{"line":11,"column":106}},"line":11},"3":{"name":"(anonymous_3)","decl":{"start":{"line":16,"column":82},"end":{"line":16,"column":83}},"loc":{"start":{"line":16,"column":92},"end":{"line":16,"column":94}},"line":16},"4":{"name":"(anonymous_4)","decl":{"start":{"line":18,"column":23},"end":{"line":18,"column":24}},"loc":{"start":{"line":18,"column":34},"end":{"line":18,"column":36}},"line":18},"5":{"name":"(anonymous_5)","decl":{"start":{"line":19,"column":25},"end":{"line":19,"column":26}},"loc":{"start":{"line":19,"column":39},"end":{"line":22,"column":13}},"line":19},"6":{"name":"(anonymous_6)","decl":{"start":{"line":20,"column":39},"end":{"line":20,"column":40}},"loc":{"start":{"line":20,"column":49},"end":{"line":20,"column":67}},"line":20},"7":{"name":"(anonymous_7)","decl":{"start":{"line":20,"column":83},"end":{"line":20,"column":84}},"loc":{"start":{"line":20,"column":93},"end":{"line":20,"column":181}},"line":20},"8":{"name":"(anonymous_8)","decl":{"start":{"line":23,"column":22},"end":{"line":23,"column":23}},"loc":{"start":{"line":23,"column":32},"end":{"line":23,"column":34}},"line":23},"9":{"name":"(anonymous_9)","decl":{"start":{"line":24,"column":28},"end":{"line":24,"column":29}},"loc":{"start":{"line":24,"column":38},"end":{"line":24,"column":40}},"line":24},"10":{"name":"(anonymous_10)","decl":{"start":{"line":25,"column":29},"end":{"line":25,"column":30}},"loc":{"start":{"line":25,"column":39},"end":{"line":25,"column":41}},"line":25},"11":{"name":"(anonymous_11)","decl":{"start":{"line":26,"column":21},"end":{"line":26,"column":22}},"loc":{"start":{"line":26,"column":31},"end":{"line":26,"column":33}},"line":26},"12":{"name":"(anonymous_12)","decl":{"start":{"line":27,"column":23},"end":{"line":27,"column":24}},"loc":{"start":{"line":27,"column":33},"end":{"line":27,"column":35}},"line":27},"13":{"name":"(anonymous_13)","decl":{"start":{"line":28,"column":23},"end":{"line":28,"column":24}},"loc":{"start":{"line":28,"column":33},"end":{"line":28,"column":35}},"line":28},"14":{"name":"(anonymous_14)","decl":{"start":{"line":29,"column":17},"end":{"line":29,"column":18}},"loc":{"start":{"line":29,"column":27},"end":{"line":29,"column":29}},"line":29},"15":{"name":"(anonymous_15)","decl":{"start":{"line":30,"column":24},"end":{"line":30,"column":25}},"loc":{"start":{"line":30,"column":34},"end":{"line":30,"column":36}},"line":30},"16":{"name":"(anonymous_16)","decl":{"start":{"line":31,"column":20},"end":{"line":31,"column":21}},"loc":{"start":{"line":31,"column":30},"end":{"line":31,"column":32}},"line":31},"17":{"name":"(anonymous_17)","decl":{"start":{"line":34,"column":23},"end":{"line":34,"column":24}},"loc":{"start":{"line":34,"column":34},"end":{"line":34,"column":36}},"line":34},"18":{"name":"(anonymous_18)","decl":{"start":{"line":35,"column":18},"end":{"line":35,"column":19}},"loc":{"start":{"line":35,"column":29},"end":{"line":35,"column":31}},"line":35},"19":{"name":"(anonymous_19)","decl":{"start":{"line":39,"column":32},"end":{"line":39,"column":33}},"loc":{"start":{"line":39,"column":43},"end":{"line":47,"column":5}},"line":39},"20":{"name":"(anonymous_20)","decl":{"start":{"line":40,"column":19},"end":{"line":40,"column":20}},"loc":{"start":{"line":40,"column":30},"end":{"line":42,"column":9}},"line":40},"21":{"name":"(anonymous_21)","decl":{"start":{"line":43,"column":57},"end":{"line":43,"column":58}},"loc":{"start":{"line":43,"column":68},"end":{"line":46,"column":9}},"line":43},"22":{"name":"(anonymous_22)","decl":{"start":{"line":49,"column":35},"end":{"line":49,"column":36}},"loc":{"start":{"line":49,"column":46},"end":{"line":58,"column":5}},"line":49},"23":{"name":"(anonymous_23)","decl":{"start":{"line":50,"column":19},"end":{"line":50,"column":20}},"loc":{"start":{"line":50,"column":30},"end":{"line":53,"column":9}},"line":50},"24":{"name":"(anonymous_24)","decl":{"start":{"line":54,"column":92},"end":{"line":54,"column":93}},"loc":{"start":{"line":54,"column":103},"end":{"line":57,"column":9}},"line":54},"25":{"name":"(anonymous_25)","decl":{"start":{"line":71,"column":32},"end":{"line":71,"column":33}},"loc":{"start":{"line":71,"column":43},"end":{"line":82,"column":5}},"line":71},"26":{"name":"(anonymous_26)","decl":{"start":{"line":72,"column":19},"end":{"line":72,"column":20}},"loc":{"start":{"line":72,"column":30},"end":{"line":75,"column":9}},"line":72},"27":{"name":"(anonymous_27)","decl":{"start":{"line":76,"column":89},"end":{"line":76,"column":90}},"loc":{"start":{"line":76,"column":100},"end":{"line":81,"column":9}},"line":76},"28":{"name":"(anonymous_28)","decl":{"start":{"line":84,"column":35},"end":{"line":84,"column":36}},"loc":{"start":{"line":84,"column":46},"end":{"line":92,"column":5}},"line":84},"29":{"name":"(anonymous_29)","decl":{"start":{"line":85,"column":19},"end":{"line":85,"column":20}},"loc":{"start":{"line":85,"column":30},"end":{"line":87,"column":9}},"line":85},"30":{"name":"(anonymous_30)","decl":{"start":{"line":88,"column":96},"end":{"line":88,"column":97}},"loc":{"start":{"line":88,"column":107},"end":{"line":91,"column":9}},"line":88},"31":{"name":"(anonymous_31)","decl":{"start":{"line":94,"column":28},"end":{"line":94,"column":29}},"loc":{"start":{"line":94,"column":39},"end":{"line":101,"column":5}},"line":94},"32":{"name":"(anonymous_32)","decl":{"start":{"line":95,"column":19},"end":{"line":95,"column":20}},"loc":{"start":{"line":95,"column":30},"end":{"line":97,"column":9}},"line":95},"33":{"name":"(anonymous_33)","decl":{"start":{"line":98,"column":38},"end":{"line":98,"column":39}},"loc":{"start":{"line":98,"column":49},"end":{"line":100,"column":9}},"line":98},"34":{"name":"(anonymous_34)","decl":{"start":{"line":103,"column":28},"end":{"line":103,"column":29}},"loc":{"start":{"line":103,"column":39},"end":{"line":110,"column":5}},"line":103},"35":{"name":"(anonymous_35)","decl":{"start":{"line":104,"column":19},"end":{"line":104,"column":20}},"loc":{"start":{"line":104,"column":30},"end":{"line":106,"column":9}},"line":104},"36":{"name":"(anonymous_36)","decl":{"start":{"line":107,"column":38},"end":{"line":107,"column":39}},"loc":{"start":{"line":107,"column":49},"end":{"line":109,"column":9}},"line":107},"37":{"name":"(anonymous_37)","decl":{"start":{"line":112,"column":34},"end":{"line":112,"column":35}},"loc":{"start":{"line":112,"column":45},"end":{"line":119,"column":5}},"line":112},"38":{"name":"(anonymous_38)","decl":{"start":{"line":113,"column":19},"end":{"line":113,"column":20}},"loc":{"start":{"line":113,"column":30},"end":{"line":115,"column":9}},"line":113},"39":{"name":"(anonymous_39)","decl":{"start":{"line":116,"column":41},"end":{"line":116,"column":42}},"loc":{"start":{"line":116,"column":52},"end":{"line":118,"column":9}},"line":116},"40":{"name":"(anonymous_40)","decl":{"start":{"line":121,"column":34},"end":{"line":121,"column":35}},"loc":{"start":{"line":121,"column":45},"end":{"line":128,"column":5}},"line":121},"41":{"name":"(anonymous_41)","decl":{"start":{"line":122,"column":19},"end":{"line":122,"column":20}},"loc":{"start":{"line":122,"column":30},"end":{"line":124,"column":9}},"line":122},"42":{"name":"(anonymous_42)","decl":{"start":{"line":125,"column":41},"end":{"line":125,"column":42}},"loc":{"start":{"line":125,"column":52},"end":{"line":127,"column":9}},"line":125},"43":{"name":"(anonymous_43)","decl":{"start":{"line":130,"column":36},"end":{"line":130,"column":37}},"loc":{"start":{"line":130,"column":47},"end":{"line":137,"column":5}},"line":130},"44":{"name":"(anonymous_44)","decl":{"start":{"line":131,"column":19},"end":{"line":131,"column":20}},"loc":{"start":{"line":131,"column":30},"end":{"line":133,"column":9}},"line":131},"45":{"name":"(anonymous_45)","decl":{"start":{"line":134,"column":43},"end":{"line":134,"column":44}},"loc":{"start":{"line":134,"column":54},"end":{"line":136,"column":9}},"line":134},"46":{"name":"(anonymous_46)","decl":{"start":{"line":139,"column":26},"end":{"line":139,"column":27}},"loc":{"start":{"line":139,"column":37},"end":{"line":147,"column":5}},"line":139},"47":{"name":"(anonymous_47)","decl":{"start":{"line":140,"column":19},"end":{"line":140,"column":20}},"loc":{"start":{"line":140,"column":30},"end":{"line":142,"column":9}},"line":140},"48":{"name":"(anonymous_48)","decl":{"start":{"line":143,"column":43},"end":{"line":143,"column":44}},"loc":{"start":{"line":143,"column":54},"end":{"line":146,"column":9}},"line":143},"49":{"name":"(anonymous_49)","decl":{"start":{"line":149,"column":14},"end":{"line":149,"column":15}},"loc":{"start":{"line":149,"column":20},"end":{"line":151,"column":5}},"line":149},"50":{"name":"(anonymous_50)","decl":{"start":{"line":150,"column":23},"end":{"line":150,"column":24}},"loc":{"start":{"line":150,"column":31},"end":{"line":150,"column":50}},"line":150}},"branchMap":{},"s":{"0":1,"1":1,"2":1,"3":1,"4":1,"5":1,"6":10,"7":10,"8":10,"9":10,"10":10,"11":10,"12":10,"13":4,"14":4,"15":2,"16":4,"17":10,"18":1,"19":1,"20":1,"21":1,"22":1,"23":1,"24":1,"25":1,"26":1,"27":1,"28":1,"29":1,"30":1,"31":1,"32":1,"33":1,"34":1,"35":1,"36":1,"37":1,"38":1,"39":1,"40":1,"41":1,"42":1,"43":1,"44":1,"45":1,"46":1,"47":1,"48":1,"49":1,"50":1,"51":1,"52":1,"53":1,"54":1,"55":1,"56":1,"57":1,"58":1,"59":1,"60":1,"61":1,"62":1,"63":1,"64":1,"65":1,"66":1,"67":1,"68":1,"69":1,"70":1,"71":1,"72":1,"73":1,"74":1,"75":1,"76":1,"77":1},"f":{"0":1,"1":10,"2":4,"3":1,"4":4,"5":4,"6":4,"7":2,"8":0,"9":0,"10":0,"11":0,"12":0,"13":0,"14":0,"15":0,"16":0,"17":2,"18":2,"19":1,"20":1,"21":1,"22":1,"23":1,"24":1,"25":1,"26":1,"27":1,"28":1,"29":1,"30":1,"31":1,"32":1,"33":1,"34":1,"35":1,"36":1,"37":1,"38":1,"39":1,"40":1,"41":1,"42":1,"43":1,"44":1,"45":1,"46":1,"47":1,"48":1,"49":1,"50":1},"b":{},"_coverageSchema":"43e27e138ebf9cfc5966b082cf9a028302ed4184","hash":"ad60c39626a398dac8e36bcf5e9d07f341c2cc68","contentHash":"cdf6ab30baca5992d31ad0d649e3769c842e15db3ab43fa5f20968650ccbc1bf"},"/Users/detiwari/istanbul-code-coverage-example/aura/tsm/AccountBasicInfo/AccountBasicInfoHelper.js":{"path":"/Users/detiwari/istanbul-code-coverage-example/aura/tsm/AccountBasicInfo/AccountBasicInfoHelper.js","statementMap":{"0":{"start":{"line":1,"column":0},"end":{"line":672,"column":2}},"1":{"start":{"line":2,"column":18},"end":{"line":2,"column":51}},"2":{"start":{"line":3,"column":8},"end":{"line":6,"column":9}},"3":{"start":{"line":4,"column":12},"end":{"line":4,"column":62}},"4":{"start":{"line":5,"column":12},"end":{"line":5,"column":62}},"5":{"start":{"line":10,"column":27},"end":{"line":10,"column":29}},"6":{"start":{"line":11,"column":8},"end":{"line":11,"column":44}},"7":{"start":{"line":12,"column":25},"end":{"line":12,"column":52}},"8":{"start":{"line":13,"column":8},"end":{"line":19,"column":9}},"9":{"start":{"line":14,"column":12},"end":{"line":14,"column":70}},"10":{"start":{"line":15,"column":12},"end":{"line":15,"column":59}},"11":{"start":{"line":17,"column":12},"end":{"line":17,"column":59}},"12":{"start":{"line":18,"column":12},"end":{"line":18,"column":56}},"13":{"start":{"line":20,"column":8},"end":{"line":22,"column":11}},"14":{"start":{"line":23,"column":8},"end":{"line":74,"column":11}},"15":{"start":{"line":24,"column":24},"end":{"line":24,"column":43}},"16":{"start":{"line":25,"column":12},"end":{"line":25,"column":48}},"17":{"start":{"line":26,"column":12},"end":{"line":73,"column":13}},"18":{"start":{"line":27,"column":36},"end":{"line":27,"column":61}},"19":{"start":{"line":28,"column":38},"end":{"line":28,"column":75}},"20":{"start":{"line":29,"column":16},"end":{"line":31,"column":17}},"21":{"start":{"line":30,"column":20},"end":{"line":30,"column":92}},"22":{"start":{"line":32,"column":16},"end":{"line":38,"column":17}},"23":{"start":{"line":33,"column":20},"end":{"line":33,"column":86}},"24":{"start":{"line":34,"column":20},"end":{"line":34,"column":86}},"25":{"start":{"line":35,"column":20},"end":{"line":35,"column":118}},"26":{"start":{"line":36,"column":20},"end":{"line":36,"column":117}},"27":{"start":{"line":37,"column":20},"end":{"line":37,"column":77}},"28":{"start":{"line":39,"column":16},"end":{"line":44,"column":17}},"29":{"start":{"line":40,"column":20},"end":{"line":40,"column":56}},"30":{"start":{"line":41,"column":20},"end":{"line":41,"column":81}},"31":{"start":{"line":43,"column":20},"end":{"line":43,"column":81}},"32":{"start":{"line":45,"column":16},"end":{"line":45,"column":72}},"33":{"start":{"line":46,"column":17},"end":{"line":46,"column":59}},"34":{"start":{"line":47,"column":4},"end":{"line":47,"column":37}},"35":{"start":{"line":48,"column":16},"end":{"line":48,"column":77}},"36":{"start":{"line":49,"column":16},"end":{"line":49,"column":86}},"37":{"start":{"line":50,"column":16},"end":{"line":50,"column":76}},"38":{"start":{"line":51,"column":16},"end":{"line":51,"column":84}},"39":{"start":{"line":52,"column":16},"end":{"line":55,"column":17}},"40":{"start":{"line":53,"column":38},"end":{"line":53,"column":73}},"41":{"start":{"line":54,"column":20},"end":{"line":54,"column":55}},"42":{"start":{"line":56,"column":16},"end":{"line":59,"column":17}},"43":{"start":{"line":57,"column":42},"end":{"line":57,"column":81}},"44":{"start":{"line":58,"column":20},"end":{"line":58,"column":59}},"45":{"start":{"line":60,"column":35},"end":{"line":60,"column":81}},"46":{"start":{"line":61,"column":16},"end":{"line":61,"column":61}},"47":{"start":{"line":62,"column":16},"end":{"line":62,"column":64}},"48":{"start":{"line":63,"column":16},"end":{"line":63,"column":72}},"49":{"start":{"line":64,"column":16},"end":{"line":64,"column":79}},"50":{"start":{"line":67,"column":35},"end":{"line":67,"column":54}},"51":{"start":{"line":68,"column":16},"end":{"line":71,"column":19}},"52":{"start":{"line":72,"column":16},"end":{"line":72,"column":34}},"53":{"start":{"line":75,"column":8},"end":{"line":75,"column":33}},"54":{"start":{"line":78,"column":8},"end":{"line":82,"column":9}},"55":{"start":{"line":79,"column":12},"end":{"line":79,"column":62}},"56":{"start":{"line":81,"column":12},"end":{"line":81,"column":59}},"57":{"start":{"line":85,"column":21},"end":{"line":85,"column":52}},"58":{"start":{"line":86,"column":26},"end":{"line":86,"column":64}},"59":{"start":{"line":87,"column":8},"end":{"line":87,"column":142}},"60":{"start":{"line":88,"column":8},"end":{"line":88,"column":128}},"61":{"start":{"line":89,"column":8},"end":{"line":89,"column":114}},"62":{"start":{"line":90,"column":25},"end":{"line":90,"column":52}},"63":{"start":{"line":91,"column":8},"end":{"line":93,"column":9}},"64":{"start":{"line":92,"column":12},"end":{"line":92,"column":48}},"65":{"start":{"line":94,"column":8},"end":{"line":96,"column":9}},"66":{"start":{"line":95,"column":12},"end":{"line":95,"column":70}},"67":{"start":{"line":97,"column":8},"end":{"line":99,"column":9}},"68":{"start":{"line":98,"column":12},"end":{"line":98,"column":86}},"69":{"start":{"line":100,"column":8},"end":{"line":102,"column":9}},"70":{"start":{"line":101,"column":12},"end":{"line":101,"column":88}},"71":{"start":{"line":103,"column":8},"end":{"line":103,"column":50}},"72":{"start":{"line":104,"column":8},"end":{"line":108,"column":11}},"73":{"start":{"line":109,"column":8},"end":{"line":131,"column":11}},"74":{"start":{"line":110,"column":24},"end":{"line":110,"column":43}},"75":{"start":{"line":111,"column":12},"end":{"line":111,"column":48}},"76":{"start":{"line":112,"column":12},"end":{"line":130,"column":13}},"77":{"start":{"line":113,"column":16},"end":{"line":113,"column":54}},"78":{"start":{"line":114,"column":4},"end":{"line":114,"column":47}},"79":{"start":{"line":115,"column":20},"end":{"line":115,"column":57}},"80":{"start":{"line":116,"column":16},"end":{"line":119,"column":19}},"81":{"start":{"line":120,"column":16},"end":{"line":120,"column":34}},"82":{"start":{"line":121,"column":4},"end":{"line":121,"column":47}},"83":{"start":{"line":123,"column":35},"end":{"line":123,"column":54}},"84":{"start":{"line":124,"column":16},"end":{"line":127,"column":19}},"85":{"start":{"line":128,"column":16},"end":{"line":128,"column":34}},"86":{"start":{"line":129,"column":16},"end":{"line":129,"column":64}},"87":{"start":{"line":132,"column":8},"end":{"line":132,"column":33}},"88":{"start":{"line":135,"column":25},"end":{"line":135,"column":51}},"89":{"start":{"line":136,"column":21},"end":{"line":136,"column":64}},"90":{"start":{"line":137,"column":31},"end":{"line":137,"column":33}},"91":{"start":{"line":138,"column":29},"end":{"line":138,"column":67}},"92":{"start":{"line":140,"column":8},"end":{"line":140,"column":59}},"93":{"start":{"line":141,"column":8},"end":{"line":153,"column":9}},"94":{"start":{"line":142,"column":12},"end":{"line":142,"column":55}},"95":{"start":{"line":143,"column":12},"end":{"line":149,"column":13}},"96":{"start":{"line":144,"column":16},"end":{"line":144,"column":68}},"97":{"start":{"line":145,"column":16},"end":{"line":145,"column":48}},"98":{"start":{"line":147,"column":13},"end":{"line":147,"column":73}},"99":{"start":{"line":148,"column":13},"end":{"line":148,"column":53}},"100":{"start":{"line":151,"column":12},"end":{"line":151,"column":52}},"101":{"start":{"line":152,"column":12},"end":{"line":152,"column":32}},"102":{"start":{"line":154,"column":8},"end":{"line":154,"column":57}},"103":{"start":{"line":155,"column":8},"end":{"line":155,"column":84}},"104":{"start":{"line":156,"column":8},"end":{"line":156,"column":65}},"105":{"start":{"line":157,"column":8},"end":{"line":157,"column":62}},"106":{"start":{"line":158,"column":8},"end":{"line":158,"column":63}},"107":{"start":{"line":159,"column":9},"end":{"line":161,"column":11}},"108":{"start":{"line":162,"column":8},"end":{"line":162,"column":43}},"109":{"start":{"line":163,"column":8},"end":{"line":205,"column":11}},"110":{"start":{"line":164,"column":12},"end":{"line":164,"column":48}},"111":{"start":{"line":165,"column":24},"end":{"line":165,"column":43}},"112":{"start":{"line":166,"column":12},"end":{"line":204,"column":13}},"113":{"start":{"line":167,"column":37},"end":{"line":167,"column":62}},"114":{"start":{"line":168,"column":24},"end":{"line":168,"column":61}},"115":{"start":{"line":169,"column":34},"end":{"line":169,"column":71}},"116":{"start":{"line":170,"column":21},"end":{"line":170,"column":48}},"117":{"start":{"line":171,"column":16},"end":{"line":192,"column":17}},"118":{"start":{"line":172,"column":20},"end":{"line":176,"column":23}},"119":{"start":{"line":177,"column":20},"end":{"line":177,"column":38}},"120":{"start":{"line":179,"column":37},"end":{"line":179,"column":64}},"121":{"start":{"line":180,"column":20},"end":{"line":185,"column":23}},"122":{"start":{"line":186,"column":20},"end":{"line":186,"column":38}},"123":{"start":{"line":187,"column":32},"end":{"line":187,"column":76}},"124":{"start":{"line":188,"column":20},"end":{"line":190,"column":23}},"125":{"start":{"line":191,"column":20},"end":{"line":191,"column":48}},"126":{"start":{"line":193,"column":15},"end":{"line":193,"column":61}},"127":{"start":{"line":194,"column":18},"end":{"line":204,"column":13}},"128":{"start":{"line":195,"column":33},"end":{"line":195,"column":60}},"129":{"start":{"line":196,"column":16},"end":{"line":201,"column":21}},"130":{"start":{"line":202,"column":16},"end":{"line":202,"column":34}},"131":{"start":{"line":203,"column":16},"end":{"line":203,"column":62}},"132":{"start":{"line":206,"column":8},"end":{"line":206,"column":33}},"133":{"start":{"line":209,"column":21},"end":{"line":209,"column":62}},"134":{"start":{"line":210,"column":29},"end":{"line":210,"column":31}},"135":{"start":{"line":211,"column":26},"end":{"line":211,"column":64}},"136":{"start":{"line":212,"column":8},"end":{"line":212,"column":55}},"137":{"start":{"line":213,"column":8},"end":{"line":213,"column":51}},"138":{"start":{"line":214,"column":8},"end":{"line":214,"column":82}},"139":{"start":{"line":215,"column":8},"end":{"line":215,"column":92}},"140":{"start":{"line":216,"column":8},"end":{"line":216,"column":55}},"141":{"start":{"line":217,"column":26},"end":{"line":217,"column":62}},"142":{"start":{"line":218,"column":25},"end":{"line":218,"column":52}},"143":{"start":{"line":219,"column":8},"end":{"line":219,"column":44}},"144":{"start":{"line":220,"column":8},"end":{"line":224,"column":11}},"145":{"start":{"line":225,"column":8},"end":{"line":247,"column":11}},"146":{"start":{"line":226,"column":24},"end":{"line":226,"column":43}},"147":{"start":{"line":227,"column":12},"end":{"line":246,"column":13}},"148":{"start":{"line":228,"column":16},"end":{"line":238,"column":17}},"149":{"start":{"line":229,"column":20},"end":{"line":229,"column":67}},"150":{"start":{"line":231,"column":20},"end":{"line":231,"column":58}},"151":{"start":{"line":232,"column":20},"end":{"line":232,"column":56}},"152":{"start":{"line":233,"column":20},"end":{"line":236,"column":23}},"153":{"start":{"line":237,"column":20},"end":{"line":237,"column":38}},"154":{"start":{"line":240,"column":16},"end":{"line":240,"column":52}},"155":{"start":{"line":241,"column":16},"end":{"line":244,"column":19}},"156":{"start":{"line":245,"column":16},"end":{"line":245,"column":34}},"157":{"start":{"line":248,"column":8},"end":{"line":248,"column":33}},"158":{"start":{"line":251,"column":8},"end":{"line":251,"column":41}},"159":{"start":{"line":254,"column":8},"end":{"line":254,"column":42}},"160":{"start":{"line":257,"column":8},"end":{"line":257,"column":47}},"161":{"start":{"line":260,"column":8},"end":{"line":260,"column":48}},"162":{"start":{"line":263,"column":17},"end":{"line":278,"column":9}},"163":{"start":{"line":279,"column":8},"end":{"line":279,"column":38}},"164":{"start":{"line":280,"column":25},"end":{"line":280,"column":27}},"165":{"start":{"line":281,"column":8},"end":{"line":286,"column":9}},"166":{"start":{"line":282,"column":27},"end":{"line":282,"column":29}},"167":{"start":{"line":283,"column":12},"end":{"line":283,"column":72}},"168":{"start":{"line":284,"column":12},"end":{"line":284,"column":71}},"169":{"start":{"line":285,"column":12},"end":{"line":285,"column":42}},"170":{"start":{"line":287,"column":26},"end":{"line":287,"column":28}},"171":{"start":{"line":288,"column":8},"end":{"line":293,"column":9}},"172":{"start":{"line":289,"column":28},"end":{"line":289,"column":30}},"173":{"start":{"line":290,"column":12},"end":{"line":290,"column":73}},"174":{"start":{"line":291,"column":12},"end":{"line":291,"column":73}},"175":{"start":{"line":292,"column":12},"end":{"line":292,"column":44}},"176":{"start":{"line":294,"column":8},"end":{"line":294,"column":53}},"177":{"start":{"line":295,"column":8},"end":{"line":295,"column":55}},"178":{"start":{"line":298,"column":21},"end":{"line":298,"column":49}},"179":{"start":{"line":299,"column":27},"end":{"line":299,"column":65}},"180":{"start":{"line":300,"column":17},"end":{"line":300,"column":19}},"181":{"start":{"line":301,"column":8},"end":{"line":301,"column":37}},"182":{"start":{"line":302,"column":8},"end":{"line":302,"column":42}},"183":{"start":{"line":303,"column":8},"end":{"line":303,"column":50}},"184":{"start":{"line":304,"column":8},"end":{"line":304,"column":43}},"185":{"start":{"line":305,"column":8},"end":{"line":305,"column":58}},"186":{"start":{"line":306,"column":8},"end":{"line":306,"column":50}},"187":{"start":{"line":307,"column":25},"end":{"line":307,"column":52}},"188":{"start":{"line":308,"column":8},"end":{"line":312,"column":11}},"189":{"start":{"line":313,"column":8},"end":{"line":327,"column":11}},"190":{"start":{"line":314,"column":24},"end":{"line":314,"column":43}},"191":{"start":{"line":315,"column":12},"end":{"line":326,"column":13}},"192":{"start":{"line":316,"column":36},"end":{"line":316,"column":61}},"193":{"start":{"line":317,"column":38},"end":{"line":317,"column":75}},"194":{"start":{"line":318,"column":16},"end":{"line":318,"column":71}},"195":{"start":{"line":319,"column":16},"end":{"line":319,"column":79}},"196":{"start":{"line":320,"column":16},"end":{"line":320,"column":58}},"197":{"start":{"line":321,"column":16},"end":{"line":324,"column":19}},"198":{"start":{"line":325,"column":16},"end":{"line":325,"column":34}},"199":{"start":{"line":328,"column":8},"end":{"line":328,"column":33}},"200":{"start":{"line":331,"column":21},"end":{"line":331,"column":60}},"201":{"start":{"line":332,"column":27},"end":{"line":332,"column":65}},"202":{"start":{"line":333,"column":32},"end":{"line":333,"column":82}},"203":{"start":{"line":334,"column":25},"end":{"line":334,"column":52}},"204":{"start":{"line":335,"column":8},"end":{"line":340,"column":11}},"205":{"start":{"line":341,"column":8},"end":{"line":352,"column":11}},"206":{"start":{"line":342,"column":24},"end":{"line":342,"column":43}},"207":{"start":{"line":343,"column":12},"end":{"line":351,"column":13}},"208":{"start":{"line":344,"column":36},"end":{"line":344,"column":61}},"209":{"start":{"line":345,"column":16},"end":{"line":345,"column":69}},"210":{"start":{"line":346,"column":16},"end":{"line":349,"column":19}},"211":{"start":{"line":350,"column":16},"end":{"line":350,"column":34}},"212":{"start":{"line":353,"column":8},"end":{"line":353,"column":33}},"213":{"start":{"line":356,"column":21},"end":{"line":356,"column":63}},"214":{"start":{"line":357,"column":28},"end":{"line":357,"column":54}},"215":{"start":{"line":358,"column":27},"end":{"line":358,"column":54}},"216":{"start":{"line":359,"column":25},"end":{"line":359,"column":52}},"217":{"start":{"line":360,"column":8},"end":{"line":362,"column":11}},"218":{"start":{"line":363,"column":8},"end":{"line":384,"column":11}},"219":{"start":{"line":364,"column":24},"end":{"line":364,"column":43}},"220":{"start":{"line":365,"column":12},"end":{"line":383,"column":13}},"221":{"start":{"line":366,"column":36},"end":{"line":366,"column":61}},"222":{"start":{"line":367,"column":16},"end":{"line":376,"column":19}},"223":{"start":{"line":368,"column":20},"end":{"line":372,"column":23}},"224":{"start":{"line":375,"column":20},"end":{"line":375,"column":39}},"225":{"start":{"line":378,"column":16},"end":{"line":381,"column":19}},"226":{"start":{"line":382,"column":16},"end":{"line":382,"column":34}},"227":{"start":{"line":385,"column":8},"end":{"line":385,"column":33}},"228":{"start":{"line":388,"column":21},"end":{"line":388,"column":64}},"229":{"start":{"line":389,"column":27},"end":{"line":389,"column":65}},"230":{"start":{"line":390,"column":25},"end":{"line":390,"column":54}},"231":{"start":{"line":391,"column":25},"end":{"line":391,"column":52}},"232":{"start":{"line":392,"column":8},"end":{"line":394,"column":11}},"233":{"start":{"line":395,"column":8},"end":{"line":422,"column":11}},"234":{"start":{"line":396,"column":24},"end":{"line":396,"column":43}},"235":{"start":{"line":397,"column":12},"end":{"line":421,"column":13}},"236":{"start":{"line":398,"column":37},"end":{"line":398,"column":66}},"237":{"start":{"line":399,"column":40},"end":{"line":399,"column":86}},"238":{"start":{"line":400,"column":16},"end":{"line":405,"column":17}},"239":{"start":{"line":401,"column":20},"end":{"line":401,"column":79}},"240":{"start":{"line":403,"column":21},"end":{"line":405,"column":17}},"241":{"start":{"line":404,"column":20},"end":{"line":404,"column":58}},"242":{"start":{"line":406,"column":16},"end":{"line":408,"column":17}},"243":{"start":{"line":407,"column":20},"end":{"line":407,"column":53}},"244":{"start":{"line":409,"column":36},"end":{"line":409,"column":85}},"245":{"start":{"line":410,"column":16},"end":{"line":420,"column":17}},"246":{"start":{"line":411,"column":20},"end":{"line":411,"column":61}},"247":{"start":{"line":412,"column":20},"end":{"line":415,"column":23}},"248":{"start":{"line":416,"column":5},"end":{"line":417,"column":38}},"249":{"start":{"line":417,"column":20},"end":{"line":417,"column":38}},"250":{"start":{"line":419,"column":20},"end":{"line":419,"column":62}},"251":{"start":{"line":423,"column":8},"end":{"line":423,"column":33}},"252":{"start":{"line":427,"column":20},"end":{"line":427,"column":30}},"253":{"start":{"line":428,"column":24},"end":{"line":428,"column":44}},"254":{"start":{"line":429,"column":18},"end":{"line":429,"column":63}},"255":{"start":{"line":430,"column":20},"end":{"line":430,"column":59}},"256":{"start":{"line":431,"column":8},"end":{"line":434,"column":9}},"257":{"start":{"line":433,"column":12},"end":{"line":433,"column":18}},"258":{"start":{"line":435,"column":8},"end":{"line":435,"column":19}},"259":{"start":{"line":438,"column":26},"end":{"line":438,"column":56}},"260":{"start":{"line":439,"column":20},"end":{"line":439,"column":67}},"261":{"start":{"line":440,"column":20},"end":{"line":440,"column":67}},"262":{"start":{"line":441,"column":22},"end":{"line":441,"column":69}},"263":{"start":{"line":442,"column":27},"end":{"line":442,"column":74}},"264":{"start":{"line":443,"column":22},"end":{"line":443,"column":69}},"265":{"start":{"line":444,"column":23},"end":{"line":444,"column":70}},"266":{"start":{"line":445,"column":28},"end":{"line":445,"column":75}},"267":{"start":{"line":446,"column":8},"end":{"line":451,"column":9}},"268":{"start":{"line":447,"column":12},"end":{"line":447,"column":50}},"269":{"start":{"line":450,"column":12},"end":{"line":450,"column":49}},"270":{"start":{"line":454,"column":21},"end":{"line":454,"column":46}},"271":{"start":{"line":455,"column":21},"end":{"line":455,"column":59}},"272":{"start":{"line":456,"column":8},"end":{"line":458,"column":11}},"273":{"start":{"line":459,"column":8},"end":{"line":464,"column":11}},"274":{"start":{"line":460,"column":24},"end":{"line":460,"column":43}},"275":{"start":{"line":461,"column":12},"end":{"line":463,"column":13}},"276":{"start":{"line":462,"column":16},"end":{"line":462,"column":78}},"277":{"start":{"line":465,"column":8},"end":{"line":465,"column":33}},"278":{"start":{"line":468,"column":21},"end":{"line":468,"column":60}},"279":{"start":{"line":469,"column":29},"end":{"line":469,"column":67}},"280":{"start":{"line":470,"column":28},"end":{"line":470,"column":30}},"281":{"start":{"line":471,"column":25},"end":{"line":471,"column":52}},"282":{"start":{"line":472,"column":8},"end":{"line":472,"column":63}},"283":{"start":{"line":473,"column":8},"end":{"line":473,"column":53}},"284":{"start":{"line":474,"column":8},"end":{"line":474,"column":57}},"285":{"start":{"line":475,"column":8},"end":{"line":475,"column":89}},"286":{"start":{"line":476,"column":8},"end":{"line":476,"column":84}},"287":{"start":{"line":477,"column":8},"end":{"line":479,"column":11}},"288":{"start":{"line":480,"column":8},"end":{"line":504,"column":11}},"289":{"start":{"line":481,"column":24},"end":{"line":481,"column":43}},"290":{"start":{"line":482,"column":12},"end":{"line":502,"column":13}},"291":{"start":{"line":483,"column":16},"end":{"line":483,"column":62}},"292":{"start":{"line":484,"column":16},"end":{"line":487,"column":19}},"293":{"start":{"line":489,"column":16
[...]
_17)","decl":{"start":{"line":58,"column":23},"end":{"line":58,"column":24}},"loc":{"start":{"line":58,"column":34},"end":{"line":77,"column":5}},"line":58},"18":{"name":"(anonymous_18)","decl":{"start":{"line":59,"column":13},"end":{"line":59,"column":14}},"loc":{"start":{"line":59,"column":24},"end":{"line":69,"column":9}},"line":59},"19":{"name":"(anonymous_19)","decl":{"start":{"line":61,"column":23},"end":{"line":61,"column":24}},"loc":{"start":{"line":61,"column":34},"end":{"line":61,"column":36}},"line":61},"20":{"name":"(anonymous_20)","decl":{"start":{"line":62,"column":16},"end":{"line":62,"column":17}},"loc":{"start":{"line":62,"column":30},"end":{"line":66,"column":13}},"line":62},"21":{"name":"(anonymous_21)","decl":{"start":{"line":63,"column":39},"end":{"line":63,"column":40}},"loc":{"start":{"line":63,"column":49},"end":{"line":63,"column":67}},"line":63},"22":{"name":"(anonymous_22)","decl":{"start":{"line":64,"column":19},"end":{"line":64,"column":20}},"loc":{"start":{"line":64,"column":29},"end":{"line":64,"column":40}},"line":64},"23":{"name":"(anonymous_23)","decl":{"start":{"line":70,"column":40},"end":{"line":70,"column":41}},"loc":{"start":{"line":70,"column":51},"end":{"line":73,"column":9}},"line":70},"24":{"name":"(anonymous_24)","decl":{"start":{"line":74,"column":25},"end":{"line":74,"column":26}},"loc":{"start":{"line":74,"column":36},"end":{"line":76,"column":9}},"line":74},"25":{"name":"(anonymous_25)","decl":{"start":{"line":79,"column":29},"end":{"line":79,"column":30}},"loc":{"start":{"line":79,"column":40},"end":{"line":104,"column":5}},"line":79},"26":{"name":"(anonymous_26)","decl":{"start":{"line":80,"column":13},"end":{"line":80,"column":14}},"loc":{"start":{"line":80,"column":24},"end":{"line":97,"column":9}},"line":80},"27":{"name":"(anonymous_27)","decl":{"start":{"line":82,"column":23},"end":{"line":82,"column":24}},"loc":{"start":{"line":82,"column":34},"end":{"line":82,"column":36}},"line":82},"28":{"name":"(anonymous_28)","decl":{"start":{"line":83,"column":16},"end":{"line":83,"column":17}},"loc":{"start":{"line":83,"column":30},"end":{"line":87,"column":13}},"line":83},"29":{"name":"(anonymous_29)","decl":{"start":{"line":84,"column":39},"end":{"line":84,"column":40}},"loc":{"start":{"line":84,"column":49},"end":{"line":84,"column":67}},"line":84},"30":{"name":"(anonymous_30)","decl":{"start":{"line":85,"column":19},"end":{"line":85,"column":20}},"loc":{"start":{"line":85,"column":29},"end":{"line":85,"column":40}},"line":85},"31":{"name":"(anonymous_31)","decl":{"start":{"line":98,"column":40},"end":{"line":98,"column":41}},"loc":{"start":{"line":98,"column":51},"end":{"line":100,"column":9}},"line":98},"32":{"name":"(anonymous_32)","decl":{"start":{"line":101,"column":25},"end":{"line":101,"column":26}},"loc":{"start":{"line":101,"column":36},"end":{"line":103,"column":9}},"line":101},"33":{"name":"(anonymous_33)","decl":{"start":{"line":106,"column":34},"end":{"line":106,"column":35}},"loc":{"start":{"line":106,"column":45},"end":{"line":114,"column":5}},"line":106},"34":{"name":"(anonymous_34)","decl":{"start":{"line":107,"column":13},"end":{"line":107,"column":14}},"loc":{"start":{"line":107,"column":24},"end":{"line":109,"column":9}},"line":107},"35":{"name":"(anonymous_35)","decl":{"start":{"line":110,"column":40},"end":{"line":110,"column":41}},"loc":{"start":{"line":110,"column":51},"end":{"line":113,"column":9}},"line":110}},"branchMap":{},"s":{"0":1,"1":1,"2":1,"3":1,"4":1,"5":1,"6":1,"7":1,"8":8,"9":8,"10":8,"11":8,"12":8,"13":8,"14":8,"15":0,"16":9,"17":8,"18":0,"19":0,"20":1,"21":1,"22":1,"23":1,"24":1,"25":1,"26":1,"27":1,"28":2,"29":2,"30":2,"31":2,"32":2,"33":2,"34":1,"35":1,"36":1,"37":1,"38":1,"39":1,"40":1,"41":2,"42":2,"43":2,"44":2,"45":2,"46":2,"47":1,"48":1,"49":1,"50":1,"51":1,"52":1,"53":1,"54":2,"55":0,"56":0,"57":0,"58":0,"59":2,"60":1,"61":1,"62":1,"63":1,"64":1,"65":1,"66":1,"67":1,"68":1,"69":1},"f":{"0":1,"1":8,"2":0,"3":9,"4":0,"5":0,"6":1,"7":1,"8":1,"9":1,"10":2,"11":0,"12":2,"13":2,"14":2,"15":1,"16":1,"17":1,"18":2,"19":2,"20":2,"21":2,"22":2,"23":1,"24":1,"25":1,"26":2,"27":0,"28":0,"29":0,"30":0,"31":1,"32":1,"33":1,"34":1,"35":1},"b":{},"_coverageSchema":"43e27e138ebf9cfc5966b082cf9a028302ed4184","hash":"54f354160c57286de0e4aa1547652dfdb5bb22bb","contentHash":"37400ab7b3dcc0ac02885d5746104d47b009aa91dcddc6a8eba7db2e987afa51"},"/Users/detiwari/istanbul-code-coverage-example/aura/tsm/AddSubscription/AddSubscriptionHelper.js":{"path":"/Users/detiwari/istanbul-code-coverage-example/aura/tsm/AddSubscription/AddSubscriptionHelper.js","statementMap":{"0":{"start":{"line":1,"column":0},"end":{"line":180,"column":2}},"1":{"start":{"line":2,"column":30},"end":{"line":2,"column":63}},"2":{"start":{"line":3,"column":20},"end":{"line":3,"column":22}},"3":{"start":{"line":4,"column":8},"end":{"line":30,"column":9}},"4":{"start":{"line":4,"column":18},"end":{"line":4,"column":19}},"5":{"start":{"line":5,"column":23},"end":{"line":5,"column":25}},"6":{"start":{"line":6,"column":25},"end":{"line":7,"column":105}},"7":{"start":{"line":8,"column":12},"end":{"line":23,"column":13}},"8":{"start":{"line":9,"column":16},"end":{"line":18,"column":21}},"9":{"start":{"line":10,"column":20},"end":{"line":11,"column":104}},"10":{"start":{"line":17,"column":24},"end":{"line":17,"column":67}},"11":{"start":{"line":19,"column":16},"end":{"line":19,"column":56}},"12":{"start":{"line":20,"column":16},"end":{"line":20,"column":71}},"13":{"start":{"line":21,"column":16},"end":{"line":21,"column":69}},"14":{"start":{"line":22,"column":16},"end":{"line":22,"column":36}},"15":{"start":{"line":31,"column":8},"end":{"line":31,"column":50}},"16":{"start":{"line":34,"column":21},"end":{"line":34,"column":68}},"17":{"start":{"line":35,"column":8},"end":{"line":48,"column":11}},"18":{"start":{"line":36,"column":24},"end":{"line":36,"column":43}},"19":{"start":{"line":37,"column":32},"end":{"line":37,"column":57}},"20":{"start":{"line":38,"column":12},"end":{"line":47,"column":13}},"21":{"start":{"line":39,"column":28},"end":{"line":39,"column":30}},"22":{"start":{"line":40,"column":16},"end":{"line":45,"column":17}},"23":{"start":{"line":40,"column":26},"end":{"line":40,"column":27}},"24":{"start":{"line":41,"column":31},"end":{"line":41,"column":33}},"25":{"start":{"line":42,"column":20},"end":{"line":42,"column":61}},"26":{"start":{"line":43,"column":20},"end":{"line":43,"column":75}},"27":{"start":{"line":44,"column":20},"end":{"line":44,"column":40}},"28":{"start":{"line":46,"column":16},"end":{"line":46,"column":54}},"29":{"start":{"line":49,"column":8},"end":{"line":49,"column":33}},"30":{"start":{"line":52,"column":21},"end":{"line":52,"column":66}},"31":{"start":{"line":53,"column":8},"end":{"line":56,"column":11}},"32":{"start":{"line":57,"column":8},"end":{"line":66,"column":11}},"33":{"start":{"line":58,"column":24},"end":{"line":58,"column":43}},"34":{"start":{"line":59,"column":32},"end":{"line":59,"column":57}},"35":{"start":{"line":60,"column":12},"end":{"line":65,"column":13}},"36":{"start":{"line":61,"column":38},"end":{"line":61,"column":47}},"37":{"start":{"line":62,"column":37},"end":{"line":62,"column":50}},"38":{"start":{"line":63,"column":46},"end":{"line":63,"column":76}},"39":{"start":{"line":64,"column":16},"end":{"line":64,"column":76}},"40":{"start":{"line":67,"column":8},"end":{"line":67,"column":33}},"41":{"start":{"line":70,"column":28},"end":{"line":70,"column":30}},"42":{"start":{"line":71,"column":8},"end":{"line":71,"column":70}},"43":{"start":{"line":72,"column":8},"end":{"line":72,"column":74}},"44":{"start":{"line":73,"column":8},"end":{"line":73,"column":67}},"45":{"start":{"line":74,"column":8},"end":{"line":74,"column":80}},"46":{"start":{"line":75,"column":8},"end":{"line":75,"column":84}},"47":{"start":{"line":76,"column":8},"end":{"line":76,"column":74}},"48":{"start":{"line":77,"column":2},"end":{"line":77,"column":54}},"49":{"start":{"line":78,"column":2},"end":{"line":78,"column":45}},"50":{"start":{"line":79,"column":8},"end":{"line":79,"column":80}},"51":{"start":{"line":80,"column":8},"end":{"line":80,"column":66}},"52":{"start":{"line":81,"column":21},"end":{"line":81,"column":68}},"53":{"start":{"line":82,"column":9},"end":{"line":84,"column":11}},"54":{"start":{"line":85,"column":8},"end":{"line":112,"column":11}},"55":{"start":{"line":86,"column":24},"end":{"line":86,"column":43}},"56":{"start":{"line":87,"column":32},"end":{"line":87,"column":57}},"57":{"start":{"line":88,"column":12},"end":{"line":111,"column":13}},"58":{"start":{"line":89,"column":36},"end":{"line":89,"column":70}},"59":{"start":{"line":90,"column":31},"end":{"line":90,"column":64}},"60":{"start":{"line":91,"column":33},"end":{"line":91,"column":60}},"61":{"start":{"line":92,"column":16},"end":{"line":95,"column":19}},"62":{"start":{"line":96,"column":16},"end":{"line":96,"column":34}},"63":{"start":{"line":97,"column":16},"end":{"line":97,"column":32}},"64":{"start":{"line":98,"column":16},"end":{"line":98,"column":37}},"65":{"start":{"line":101,"column":36},"end":{"line":101,"column":70}},"66":{"start":{"line":102,"column":31},"end":{"line":102,"column":64}},"67":{"start":{"line":103,"column":33},"end":{"line":103,"column":60}},"68":{"start":{"line":104,"column":16},"end":{"line":107,"column":19}},"69":{"start":{"line":108,"column":16},"end":{"line":108,"column":34}},"70":{"start":{"line":109,"column":16},"end":{"line":109,"column":32}},"71":{"start":{"line":110,"column":16},"end":{"line":110,"column":37}},"72":{"start":{"line":113,"column":8},"end":{"line":113,"column":33}},"73":{"start":{"line":116,"column":8},"end":{"line":170,"column":9}},"74":{"start":{"line":117,"column":35},"end":{"line":117,"column":37}},"75":{"start":{"line":118,"column":34},"end":{"line":118,"column":67}},"76":{"start":{"line":119,"column":12},"end":{"line":119,"column":41}},"77":{"start":{"line":120,"column":24},"end":{"line":120,"column":26}},"78":{"start":{"line":121,"column":12},"end":{"line":121,"column":48}},"79":{"start":{"line":122,"column":12},"end":{"line":126,"column":13}},"80":{"start":{"line":122,"column":24},"end":{"line":122,"column":25}},"81":{"start":{"line":123,"column":16},"end":{"line":125,"column":17}},"82":{"start":{"line":124,"column":19},"end":{"line":124,"column":60}},"83":{"start":{"line":127,"column":12},"end":{"line":169,"column":13}},"84":{"start":{"line":128,"column":29},"end":{"line":128,"column":74}},"85":{"start":{"line":129,"column":16},"end":{"line":129,"column":76}},"86":{"start":{"line":130,"column":16},"end":{"line":133,"column":19}},"87":{"start":{"line":134,"column":16},"end":{"line":167,"column":19}},"88":{"start":{"line":135,"column":32},"end":{"line":135,"column":51}},"89":{"start":{"line":136,"column":40},"end":{"line":136,"column":65}},"90":{"start":{"line":137,"column":20},"end":{"line":137,"column":47}},"91":{"start":{"line":138,"column":20},"end":{"line":166,"column":21}},"92":{"start":{"line":139,"column":24},"end":{"line":139,"column":51}},"93":{"start":{"line":140,"column":24},"end":{"line":140,"column":74}},"94":{"start":{"line":141,"column":45},"end":{"line":141,"column":58}},"95":{"start":{"line":142,"column":24},"end":{"line":163,"column":25}},"96":{"start":{"line":142,"column":36},"end":{"line":142,"column":37}},"97":{"start":{"line":143,"column":39},"end":{"line":143,"column":41}},"98":{"start":{"line":144,"column":41},"end":{"line":145,"column":121}},"99":{"start":{"line":146,"column":28},"end":{"line":162,"column":29}},"100":{"start":{"line":147,"column":32},"end":{"line":157,"column":37}},"101":{"start":{"line":148,"column":36},"end":{"line":149,"column":120}},"102":{"start":{"line":150,"column":39},"end":{"line":157,"column":37}},"103":{"start":{"line":153,"column":36},"end":{"line":153,"column":105}},"104":{"start":{"line":154,"column":36},"end":{"line":154,"column":64}},"105":{"start":{"line":156,"column":40},"end":{"line":156,"column":83}},"106":{"start":{"line":158,"column":32},"end":{"line":158,"column":72}},"107":{"start":{"line":159,"column":32},"end":{"line":159,"column":87}},"108":{"start":{"line":160,"column":32},"end":{"line":160,"column":85}},"109":{"start":{"line":161,"column":32},"end":{"line":161,"column":52}},"110":{"start":{"line":164,"column":24},"end":{"line":164,"column":44}},"111":{"start":{"line":165,"column":24},"end":{"line":165,"column":66}},"112":{"start":{"line":168,"column":16},"end":{"line":168,"column":41}},"113":{"start":{"line":171,"column":9},"end":{"line":171,"column":114}},"114":{"start":{"line":172,"column":8},"end":{"line":178,"column":9}},"115":{"start":{"line":174,"column":12},"end":{"line":174,"column":54}},"116":{"start":{"line":177,"column":12},"end":{"line":177,"column":53}}},"fnMap":{"0":{"name":"(anonymous_0)","decl":{"start":{"line":1,"column":40},"end":{"line":1,"column":41}},"loc":{"start":{"line":1,"column":75},"end":{"line":32,"column":5}},"line":1},"1":{"name":"(anonymous_1)","decl":{"start":{"line":33,"column":40},"end":{"line":33,"column":41}},"loc":{"start":{"line":33,"column":75},"end":{"line":50,"column":5}},"line":33},"2":{"name":"(anonymous_2)","decl":{"start":{"line":35,"column":33},"end":{"line":35,"column":34}},"loc":{"start":{"line":35,"column":52},"end":{"line":48,"column":9}},"line":35},"3":{"name":"(anonymous_3)","decl":{"start":{"line":51,"column":15},"end":{"line":51,"column":16}},"loc":{"start":{"line":51,"column":49},"end":{"line":68,"column":5}},"line":51},"4":{"name":"(anonymous_4)","decl":{"start":{"line":57,"column":33},"end":{"line":57,"column":34}},"loc":{"start":{"line":57,"column":52},"end":{"line":66,"column":9}},"line":57},"5":{"name":"(anonymous_5)","decl":{"start":{"line":69,"column":21},"end":{"line":69,"column":22}},"loc":{"start":{"line":69,"column":56},"end":{"line":114,"column":5}},"line":69},"6":{"name":"(anonymous_6)","decl":{"start":{"line":85,"column":33},"end":{"line":85,"column":34}},"loc":{"start":{"line":85,"column":52},"end":{"line":112,"column":9}},"line":85},"7":{"name":"(anonymous_7)","decl":{"start":{"line":115,"column":27},"end":{"line":115,"column":28}},"loc":{"start":{"line":115,"column":61},"end":{"line":179,"column":5}},"line":115},"8":{"name":"(anonymous_8)","decl":{"start":{"line":134,"column":41},"end":{"line":134,"column":42}},"loc":{"start":{"line":134,"column":60},"end":{"line":167,"column":17}},"line":134}},"branchMap":{"0":{"loc":{"start":{"line":8,"column":12},"end":{"line":23,"column":13}},"type":"if","locations":[{"start":{"line":8,"column":12},"end":{"line":23,"column":13}},{"start":{"line":8,"column":12},"end":{"line":23,"column":13}}],"line":8},"1":{"loc":{"start":{"line":9,"column":16},"end":{"line":18,"column":21}},"type":"if","locations":[{"start":{"line":9,"column":16},"end":{"line":18,"column":21}},{"start":{"line":9,"column":16},"end":{"line":18,"column":21}}],"line":9},"2":{"loc":{"start":{"line":9,"column":19},"end":{"line":9,"column":127}},"type":"binary-expr","locations":[{"start":{"line":9,"column":19},"end":{"line":9,"column":68}},{"start":{"line":9,"column":72},"end":{"line":9,"column":127}}],"line":9},"3":{"loc":{"start":{"line":38,"column":12},"end":{"line":47,"column":13}},"type":"if","locations":[{"start":{"line":38,"column":12},"end":{"line":47,"column":13}},{"start":{"line":38,"column":12},"end":{"line":47,"column":13}}],"line":38},"4":{"loc":{"start":{"line":60,"column":12},"end":{"line":65,"column":13}},"type":"if","locations":[{"start":{"line":60,"column":12},"end":{"line":65,"column":13}},{"start":{"line":60,"column":12},"end":{"line":65,"column":13}}],"line":60},"5":{"loc":{"start":{"line":88,"column":12},"end":{"line":111,"column":13}},"type":"if","locations":[{"start":{"line":88,"column":12},"end":{"line":111,"column":13}},{"start":{"line":88,"column":12},"end":{"line":111,"column":13}}],"line":88},"6":{"loc":{"start":{"line":116,"column":8},"end":{"line":170,"column":9}},"type":"if","locations":[{"start":{"line":116,"column":8},"end":{"line":170,"column":9}},{"start":{"line":116,"column":8},"end":{"line":170,"column":9}}],"line":116},"7":{"loc":{"start":{"line":123,"column":16},"end":{"line":125,"column":17}},"type":"if","locations":[{"start":{"line":123,"column":16},"end":{"line":125,"column":17}},{"start":{"line":123,"column":16},"end":{"line":125,"column":17}}],"line":123},"8":{"loc":{"start":{"line":127,"column":12},"end":{"line":169,"column":13}},"type":"if","locations":[{"start":{"line":127,"column":12},"end":{"line":169,"column":13}},{"start":{"line":127,"column":12},"end":{"line":169,"column":13}}],"line":127},"9":{"loc":{"start":{"line":138,"column":20},"end":{"line":166,"column":21}},"type":"if","locations":[{"start":{"line":138,"column":20},"end":{"line":166,"column":21}},{"start":{"line":138,"column":20},"end":{"line":166,"column":21}}],"line":138},"10":{"loc":{"start":{"line":146,"column":28},"end":{"line":162,"column":29}},"type":"if","locations":[{"start":{"line":146,"column":28},"end":{"line":162,"column":29}},{"start":{"line":146,"column":28},"end":{"line":162,"column":29}}],"line":146},"11":{"loc":{"start":{"line":147,"column":32},"end":{"line":157,"column":37}},"type":"if","locations":[{"start":{"line":147,"column":32},"end":{"line":157,"column":37}},{"start":{"line":147,"column":32},"end":{"line":157,"column":37}}],"line":147},"12":{"loc":{"start":{"line":147,"column":35},"end":{"line":147,"column":143}},"type":"binary-expr","locations":[{"start":{"line":147,"column":35},"end":{"line":147,"column":84}},{"start":{"line":147,"column":88},"end":{"line":147,"column":143}}],"line":147},"13":{"loc":{"start":{"line":150,"column":39},"end":{"line":157,"column":37}},"type":"if","locations":[{"start":{"line":150,"column":39},"end":{"line":157,"column":37}},{"start":{"line":150,"column":39},"end":{"line":157,"column":37}}],"line":150},"14":{"loc":{"start":{"line":150,"column":42},"end":{"line":152,"column":146}},"type":"binary-expr","locations":[{"start":{"line":150,"column":42},"end":{"line":150,"column":97}},{"start":{"line":151,"column":42},"end":{"line":151,"column":69}},{"start":{"line":152,"column":42},"end":{"line":152,"column":146}}],"line":150},"15":{"loc":{"start":{"line":172,"column":8},"end":{"line":178,"column":9}},"type":"if","locations":[{"start":{"line":172,"column":8},"end":{"line":178,"column":9}},{"start":{"line":172,"column":8},"end":{"line":178,"column":9}}],"line":172},"16":{"loc":{"start":{"line":172,"column":11},"end":{"line":173,"column":65}},"type":"binary-expr","locations":[{"start":{"line":172,"column":11},"end":{"line":172,"column":63}},{"start":{"line":172,"column":67},"end":{"line":172,"column":120}},{"start":{"line":173,"column":14},"end":{"line":173,"column":65}}],"line":172}},"s":{"0":1,"1":1,"2":1,"3":1,"4":1,"5":0,"6":0,"7":0,"8":0,"9":0,"10":0,"11":0,"12":0,"13":0,"14":0,"15":1,"16":2,"17":2,"18":2,"19":2,"20":2,"21":2,"22":2,"23":2,"24":0,"25":0,"26":0,"27":0,"28":2,"29":2,"30":2,"31":2,"32":2,"33":2,"34":2,"35":2,"36":2,"37":2,"38":2,"39":2,"40":2,"41":2,"42":2,"43":2,"44":2,"45":2,"46":2,"47":2,"48":2,"49":0,"50":0,"51":0,"52":0,"53":0,"54":0,"55":0,"56":0,"57":0,"58":0,"59":0,"60":0,"61":0,"62":0,"63":0,"64":0,"65":0,"66":0,"67":0,"68":0,"69":0,"70":0,"71":0,"72":0,"73":1,"74":1,"75":1,"76":1,"77":1,"78":1,"79":1,"80":1,"81":0,"82":0,"83":1,"84":0,"85":0,"86":0,"87":0,"88":0,"89":0,"90":0,"91":0,"92":0,"93":0,"94":0,"95":0,"96":0,"97":0,"98":0,"99":0,"100":0,"101":0,"102":0,"103":0,"104":0,"105":0,"106":0,"107":0,"108":0,"109":0,"110":0,"111":0,"112":0,"113":1,"114":1,"115":0,"116":1},"f":{"0":1,"1":2,"2":2,"3":2,"4":2,"5":2,"6":0,"7":1,"8":0},"b":{"0":[0,0],"1":[0,0],"2":[0,0],"3":[2,0],"4":[2,0],"5":[0,0],"6":[1,0],"7":[0,0],"8":[0,1],"9":[0,0],"10":[0,0],"11":[0,0],"12":[0,0],"13":[0,0],"14":[0,0,0],"15":[0,1],"16":[1,1,1]},"_coverageSchema":"43e27e138ebf9cfc5966b082cf9a028302ed4184","hash":"6e3fc9e105dc0f53b608b361da15bff4403630bf","contentHash":"15589e909f5272351bc2512a085d318bc2e281534dcdd289738125875a181577"}}